<?xml version="1.0" encoding="UTF-8" standalone="no"?>
<!DOCTYPE log SYSTEM "logger.dtd">
<log>
<record>
  <date>2019-09-10T10:46:46</date>
  <millis>1568087206831</millis>
  <sequence>0</sequence>
  <level>START</level>
  <class>com.kms.katalon.core.logging.XmlKeywordLogger</class>
  <method>startSuite</method>
  <thread>1</thread>
  <message>Start Test Suite : Test Suites/IP-002 ( Forgot pin ) and ( Forgot Email )</message>
  <nestedLevel>0</nestedLevel>
  <property name="name">IP-002 ( Forgot pin ) and ( Forgot Email )</property>
  <property name="description"></property>
  <property name="id">Test Suites/IP-002 ( Forgot pin ) and ( Forgot Email )</property>
</record>
<record>
  <date>2019-09-10T10:46:46</date>
  <millis>1568087206858</millis>
  <sequence>1</sequence>
  <level>RUN_DATA</level>
  <class>com.kms.katalon.core.logging.XmlKeywordLogger</class>
  <method>logMessage</method>
  <thread>1</thread>
  <message>hostName = refqi - 10.250.250.58</message>
  <nestedLevel>0</nestedLevel>
  <property name="hostName">refqi - 10.250.250.58</property>
</record>
<record>
  <date>2019-09-10T10:46:46</date>
  <millis>1568087206859</millis>
  <sequence>2</sequence>
  <level>RUN_DATA</level>
  <class>com.kms.katalon.core.logging.XmlKeywordLogger</class>
  <method>logMessage</method>
  <thread>1</thread>
  <message>os = Mac OS X 64bit</message>
  <nestedLevel>0</nestedLevel>
  <property name="os">Mac OS X 64bit</property>
</record>
<record>
  <date>2019-09-10T10:46:46</date>
  <millis>1568087206860</millis>
  <sequence>3</sequence>
  <level>RUN_DATA</level>
  <class>com.kms.katalon.core.logging.XmlKeywordLogger</class>
  <method>logMessage</method>
  <thread>1</thread>
  <message>hostAddress = 10.250.250.58</message>
  <nestedLevel>0</nestedLevel>
  <property name="hostAddress">10.250.250.58</property>
</record>
<record>
  <date>2019-09-10T10:46:46</date>
  <millis>1568087206863</millis>
  <sequence>4</sequence>
  <level>RUN_DATA</level>
  <class>com.kms.katalon.core.logging.XmlKeywordLogger</class>
  <method>logMessage</method>
  <thread>1</thread>
  <message>katalonVersion = 6.3.3.11</message>
  <nestedLevel>0</nestedLevel>
  <property name="katalonVersion">6.3.3.11</property>
</record>
<record>
  <date>2019-09-10T10:46:47</date>
  <millis>1568087207152</millis>
  <sequence>5</sequence>
  <level>START</level>
  <class>com.kms.katalon.core.logging.XmlKeywordLogger</class>
  <method>startTest</method>
  <thread>1</thread>
  <message>Start Test Case : Test Cases/IP-002 (Forgot Pin)</message>
  <nestedLevel>1</nestedLevel>
  <property name="name">Test Cases/IP-002 (Forgot Pin)</property>
  <property name="description"></property>
  <property name="id">Test Cases/IP-002 (Forgot Pin)</property>
  <property name="source">\\Users\\refqi\\git\\ipropio\\Test Cases\\IP-002 (Forgot Pin).tc</property>
  <property name="tag"></property>
  <property name="isOptional">false</property>
</record>
<record>
  <date>2019-09-10T10:46:47</date>
  <millis>1568087207444</millis>
  <sequence>7</sequence>
  <level>START</level>
  <class>com.kms.katalon.core.logging.XmlKeywordLogger</class>
  <method>startKeyword</method>
  <thread>1</thread>
  <message>Start action : openBrowser(\&amp;quot;http://kamisa.web.iprop-dev.com/login\&amp;quot;)</message>
  <nestedLevel>1</nestedLevel>
  <property name="startLine">16</property>
  <property name="stepIndex">1</property>
</record>
<record>
  <date>2019-09-10T10:46:47</date>
  <millis>1568087207738</millis>
  <sequence>9</sequence>
  <level>INFO</level>
  <class>com.kms.katalon.core.logging.XmlKeywordLogger</class>
  <method>logMessage</method>
  <thread>1</thread>
  <message>Starting &amp;apos;Chrome&amp;apos; driver</message>
  <nestedLevel>1</nestedLevel>
</record>
<record>
  <date>2019-09-10T10:46:47</date>
  <millis>1568087207777</millis>
  <sequence>11</sequence>
  <level>INFO</level>
  <class>com.kms.katalon.core.logging.XmlKeywordLogger</class>
  <method>logMessage</method>
  <thread>1</thread>
  <message>Action delay is set to 0 seconds</message>
  <nestedLevel>1</nestedLevel>
</record>
<record>
  <date>2019-09-10T10:46:49</date>
  <millis>1568087209816</millis>
  <sequence>13</sequence>
  <level>RUN_DATA</level>
  <class>com.kms.katalon.core.logging.XmlKeywordLogger</class>
  <method>logMessage</method>
  <thread>1</thread>
  <message>sessionId = 77d279ee8ea9236b7222fb025af55dff</message>
  <nestedLevel>1</nestedLevel>
  <property name="sessionId">77d279ee8ea9236b7222fb025af55dff</property>
</record>
<record>
  <date>2019-09-10T10:46:49</date>
  <millis>1568087209843</millis>
  <sequence>14</sequence>
  <level>RUN_DATA</level>
  <class>com.kms.katalon.core.logging.XmlKeywordLogger</class>
  <method>logMessage</method>
  <thread>1</thread>
  <message>browser = Chrome 76.0.3809.100</message>
  <nestedLevel>1</nestedLevel>
  <property name="browser">Chrome 76.0.3809.100</property>
</record>
<record>
  <date>2019-09-10T10:46:49</date>
  <millis>1568087209844</millis>
  <sequence>15</sequence>
  <level>RUN_DATA</level>
  <class>com.kms.katalon.core.logging.XmlKeywordLogger</class>
  <method>logMessage</method>
  <thread>1</thread>
  <message>platform = Mac OS X</message>
  <nestedLevel>1</nestedLevel>
  <property name="platform">Mac OS X</property>
</record>
<record>
  <date>2019-09-10T10:46:49</date>
  <millis>1568087209850</millis>
  <sequence>16</sequence>
  <level>RUN_DATA</level>
  <class>com.kms.katalon.core.logging.XmlKeywordLogger</class>
  <method>logMessage</method>
  <thread>1</thread>
  <message>seleniumVersion = 3.141.59</message>
  <nestedLevel>1</nestedLevel>
  <property name="seleniumVersion">3.141.59</property>
</record>
<record>
  <date>2019-09-10T10:46:49</date>
  <millis>1568087209852</millis>
  <sequence>17</sequence>
  <level>RUN_DATA</level>
  <class>com.kms.katalon.core.logging.XmlKeywordLogger</class>
  <method>logMessage</method>
  <thread>1</thread>
  <message>proxyInformation = ProxyInformation{proxyOption=NO_PROXY, proxyServerType=HTTP, password=, proxyServerAddress=, proxyServerPort=0}</message>
  <nestedLevel>1</nestedLevel>
  <property name="proxyInformation">ProxyInformation{proxyOption=NO_PROXY, proxyServerType=HTTP, password=, proxyServerAddress=, proxyServerPort=0}</property>
</record>
<record>
  <date>2019-09-10T10:46:50</date>
  <millis>1568087210802</millis>
  <sequence>19</sequence>
  <level>PASSED</level>
  <class>com.kms.katalon.core.logging.XmlKeywordLogger</class>
  <method>logMessage</method>
  <thread>1</thread>
  <message>Browser is opened with url: &amp;apos;http://kamisa.web.iprop-dev.com/login&amp;apos;</message>
  <nestedLevel>1</nestedLevel>
</record>
<record>
  <date>2019-09-10T10:46:50</date>
  <millis>1568087210803</millis>
  <sequence>20</sequence>
  <level>END</level>
  <class>com.kms.katalon.core.logging.XmlKeywordLogger</class>
  <method>endKeyword</method>
  <thread>1</thread>
  <message>End action : openBrowser(\&amp;quot;http://kamisa.web.iprop-dev.com/login\&amp;quot;)</message>
  <nestedLevel>1</nestedLevel>
</record>
<record>
  <date>2019-09-10T10:46:50</date>
  <millis>1568087210803</millis>
  <sequence>21</sequence>
  <level>START</level>
  <class>com.kms.katalon.core.logging.XmlKeywordLogger</class>
  <method>startKeyword</method>
  <thread>1</thread>
  <message>Start action : delay(5)</message>
  <nestedLevel>1</nestedLevel>
  <property name="startLine">18</property>
  <property name="stepIndex">2</property>
</record>
<record>
  <date>2019-09-10T10:46:55</date>
  <millis>1568087215854</millis>
  <sequence>23</sequence>
  <level>PASSED</level>
  <class>com.kms.katalon.core.logging.XmlKeywordLogger</class>
  <method>logMessage</method>
  <thread>1</thread>
  <message>Delayed 5 second(s)</message>
  <nestedLevel>1</nestedLevel>
</record>
<record>
  <date>2019-09-10T10:46:55</date>
  <millis>1568087215856</millis>
  <sequence>24</sequence>
  <level>END</level>
  <class>com.kms.katalon.core.logging.XmlKeywordLogger</class>
  <method>endKeyword</method>
  <thread>1</thread>
  <message>End action : delay(5)</message>
  <nestedLevel>1</nestedLevel>
</record>
<record>
  <date>2019-09-10T10:46:55</date>
  <millis>1568087215856</millis>
  <sequence>25</sequence>
  <level>START</level>
  <class>com.kms.katalon.core.logging.XmlKeywordLogger</class>
  <method>startKeyword</method>
  <thread>1</thread>
  <message>Start action : check(findTestObject(\&amp;quot;Forgot Pin/Page_iPropio - Login/a_Click here\&amp;quot;))</message>
  <nestedLevel>1</nestedLevel>
  <property name="startLine">20</property>
  <property name="stepIndex">3</property>
</record>
<record>
  <date>2019-09-10T10:46:56</date>
  <millis>1568087216088</millis>
  <sequence>32</sequence>
  <level>PASSED</level>
  <class>com.kms.katalon.core.logging.XmlKeywordLogger</class>
  <method>logMessage</method>
  <thread>1</thread>
  <message>Object &amp;apos;Object Repository/Forgot Pin/Page_iPropio - Login/a_Click here&amp;apos; is checked</message>
  <nestedLevel>1</nestedLevel>
</record>
<record>
  <date>2019-09-10T10:46:56</date>
  <millis>1568087216090</millis>
  <sequence>33</sequence>
  <level>END</level>
  <class>com.kms.katalon.core.logging.XmlKeywordLogger</class>
  <method>endKeyword</method>
  <thread>1</thread>
  <message>End action : check(findTestObject(\&amp;quot;Forgot Pin/Page_iPropio - Login/a_Click here\&amp;quot;))</message>
  <nestedLevel>1</nestedLevel>
</record>
<record>
  <date>2019-09-10T10:46:56</date>
  <millis>1568087216090</millis>
  <sequence>34</sequence>
  <level>START</level>
  <class>com.kms.katalon.core.logging.XmlKeywordLogger</class>
  <method>startKeyword</method>
  <thread>1</thread>
  <message>Start action : takeScreenshot(\&amp;quot;/Users/refqi/Documents/webippro/click here.png\&amp;quot;)</message>
  <nestedLevel>1</nestedLevel>
  <property name="startLine">22</property>
  <property name="stepIndex">4</property>
</record>
<record>
  <date>2019-09-10T10:46:56</date>
  <millis>1568087216581</millis>
  <sequence>35</sequence>
  <level>PASSED</level>
  <class>com.kms.katalon.core.logging.XmlKeywordLogger</class>
  <method>logMessage</method>
  <thread>1</thread>
  <message>Taking screenshot successfully</message>
  <nestedLevel>1</nestedLevel>
  <property name="attachment">/Users/refqi/Documents/webippro/click here.png</property>
</record>
<record>
  <date>2019-09-10T10:46:56</date>
  <millis>1568087216583</millis>
  <sequence>36</sequence>
  <level>END</level>
  <class>com.kms.katalon.core.logging.XmlKeywordLogger</class>
  <method>endKeyword</method>
  <thread>1</thread>
  <message>End action : takeScreenshot(\&amp;quot;/Users/refqi/Documents/webippro/click here.png\&amp;quot;)</message>
  <nestedLevel>1</nestedLevel>
</record>
<record>
  <date>2019-09-10T10:46:56</date>
  <millis>1568087216584</millis>
  <sequence>37</sequence>
  <level>START</level>
  <class>com.kms.katalon.core.logging.XmlKeywordLogger</class>
  <method>startKeyword</method>
  <thread>1</thread>
  <message>Start action : delay(3)</message>
  <nestedLevel>1</nestedLevel>
  <property name="startLine">24</property>
  <property name="stepIndex">5</property>
</record>
<record>
  <date>2019-09-10T10:46:59</date>
  <millis>1568087219593</millis>
  <sequence>39</sequence>
  <level>PASSED</level>
  <class>com.kms.katalon.core.logging.XmlKeywordLogger</class>
  <method>logMessage</method>
  <thread>1</thread>
  <message>Delayed 3 second(s)</message>
  <nestedLevel>1</nestedLevel>
</record>
<record>
  <date>2019-09-10T10:46:59</date>
  <millis>1568087219594</millis>
  <sequence>40</sequence>
  <level>END</level>
  <class>com.kms.katalon.core.logging.XmlKeywordLogger</class>
  <method>endKeyword</method>
  <thread>1</thread>
  <message>End action : delay(3)</message>
  <nestedLevel>1</nestedLevel>
</record>
<record>
  <date>2019-09-10T10:46:59</date>
  <millis>1568087219594</millis>
  <sequence>41</sequence>
  <level>START</level>
  <class>com.kms.katalon.core.logging.XmlKeywordLogger</class>
  <method>startKeyword</method>
  <thread>1</thread>
  <message>Start action : setText(findTestObject(\&amp;quot;Forgot Pin/Page_iPropio - Forgot Password/input_Email Address_email\&amp;quot;), \&amp;quot;refqi.hussein@gmail.com\&amp;quot;)</message>
  <nestedLevel>1</nestedLevel>
  <property name="startLine">26</property>
  <property name="stepIndex">6</property>
</record>
<record>
  <date>2019-09-10T10:47:00</date>
  <millis>1568087220159</millis>
  <sequence>50</sequence>
  <level>PASSED</level>
  <class>com.kms.katalon.core.logging.XmlKeywordLogger</class>
  <method>logMessage</method>
  <thread>1</thread>
  <message>Text &amp;apos;refqi.hussein@gmail.com&amp;apos; is set on object &amp;apos;Object Repository/Forgot Pin/Page_iPropio - Forgot Password/input_Email Address_email&amp;apos;</message>
  <nestedLevel>1</nestedLevel>
</record>
<record>
  <date>2019-09-10T10:47:00</date>
  <millis>1568087220160</millis>
  <sequence>51</sequence>
  <level>END</level>
  <class>com.kms.katalon.core.logging.XmlKeywordLogger</class>
  <method>endKeyword</method>
  <thread>1</thread>
  <message>End action : setText(findTestObject(\&amp;quot;Forgot Pin/Page_iPropio - Forgot Password/input_Email Address_email\&amp;quot;), \&amp;quot;refqi.hussein@gmail.com\&amp;quot;)</message>
  <nestedLevel>1</nestedLevel>
</record>
<record>
  <date>2019-09-10T10:47:00</date>
  <millis>1568087220160</millis>
  <sequence>52</sequence>
  <level>START</level>
  <class>com.kms.katalon.core.logging.XmlKeywordLogger</class>
  <method>startKeyword</method>
  <thread>1</thread>
  <message>Start action : delay(5)</message>
  <nestedLevel>1</nestedLevel>
  <property name="startLine">28</property>
  <property name="stepIndex">7</property>
</record>
<record>
  <date>2019-09-10T10:47:05</date>
  <millis>1568087225166</millis>
  <sequence>54</sequence>
  <level>PASSED</level>
  <class>com.kms.katalon.core.logging.XmlKeywordLogger</class>
  <method>logMessage</method>
  <thread>1</thread>
  <message>Delayed 5 second(s)</message>
  <nestedLevel>1</nestedLevel>
</record>
<record>
  <date>2019-09-10T10:47:05</date>
  <millis>1568087225168</millis>
  <sequence>55</sequence>
  <level>END</level>
  <class>com.kms.katalon.core.logging.XmlKeywordLogger</class>
  <method>endKeyword</method>
  <thread>1</thread>
  <message>End action : delay(5)</message>
  <nestedLevel>1</nestedLevel>
</record>
<record>
  <date>2019-09-10T10:47:05</date>
  <millis>1568087225169</millis>
  <sequence>56</sequence>
  <level>START</level>
  <class>com.kms.katalon.core.logging.XmlKeywordLogger</class>
  <method>startKeyword</method>
  <thread>1</thread>
  <message>Start action : takeScreenshot(\&amp;quot;/Users/refqi/Documents/webippro/set email.png\&amp;quot;)</message>
  <nestedLevel>1</nestedLevel>
  <property name="startLine">30</property>
  <property name="stepIndex">8</property>
</record>
<record>
  <date>2019-09-10T10:47:05</date>
  <millis>1568087225880</millis>
  <sequence>57</sequence>
  <level>PASSED</level>
  <class>com.kms.katalon.core.logging.XmlKeywordLogger</class>
  <method>logMessage</method>
  <thread>1</thread>
  <message>Taking screenshot successfully</message>
  <nestedLevel>1</nestedLevel>
  <property name="attachment">/Users/refqi/Documents/webippro/set email.png</property>
</record>
<record>
  <date>2019-09-10T10:47:05</date>
  <millis>1568087225882</millis>
  <sequence>58</sequence>
  <level>END</level>
  <class>com.kms.katalon.core.logging.XmlKeywordLogger</class>
  <method>endKeyword</method>
  <thread>1</thread>
  <message>End action : takeScreenshot(\&amp;quot;/Users/refqi/Documents/webippro/set email.png\&amp;quot;)</message>
  <nestedLevel>1</nestedLevel>
</record>
<record>
  <date>2019-09-10T10:47:05</date>
  <millis>1568087225882</millis>
  <sequence>59</sequence>
  <level>START</level>
  <class>com.kms.katalon.core.logging.XmlKeywordLogger</class>
  <method>startKeyword</method>
  <thread>1</thread>
  <message>Start action : click(findTestObject(\&amp;quot;Forgot Pin/Page_iPropio - Forgot Password/button_SEND PASSWORD REQUEST\&amp;quot;))</message>
  <nestedLevel>1</nestedLevel>
  <property name="startLine">32</property>
  <property name="stepIndex">9</property>
</record>
<record>
  <date>2019-09-10T10:47:06</date>
  <millis>1568087226104</millis>
  <sequence>66</sequence>
  <level>PASSED</level>
  <class>com.kms.katalon.core.logging.XmlKeywordLogger</class>
  <method>logMessage</method>
  <thread>1</thread>
  <message>Object: &amp;apos;Object Repository/Forgot Pin/Page_iPropio - Forgot Password/button_SEND PASSWORD REQUEST&amp;apos; is clicked on</message>
  <nestedLevel>1</nestedLevel>
</record>
<record>
  <date>2019-09-10T10:47:06</date>
  <millis>1568087226105</millis>
  <sequence>67</sequence>
  <level>END</level>
  <class>com.kms.katalon.core.logging.XmlKeywordLogger</class>
  <method>endKeyword</method>
  <thread>1</thread>
  <message>End action : click(findTestObject(\&amp;quot;Forgot Pin/Page_iPropio - Forgot Password/button_SEND PASSWORD REQUEST\&amp;quot;))</message>
  <nestedLevel>1</nestedLevel>
</record>
<record>
  <date>2019-09-10T10:47:06</date>
  <millis>1568087226108</millis>
  <sequence>68</sequence>
  <level>START</level>
  <class>com.kms.katalon.core.logging.XmlKeywordLogger</class>
  <method>startKeyword</method>
  <thread>1</thread>
  <message>Start action : delay(5)</message>
  <nestedLevel>1</nestedLevel>
  <property name="startLine">34</property>
  <property name="stepIndex">10</property>
</record>
<record>
  <date>2019-09-10T10:47:11</date>
  <millis>1568087231115</millis>
  <sequence>70</sequence>
  <level>PASSED</level>
  <class>com.kms.katalon.core.logging.XmlKeywordLogger</class>
  <method>logMessage</method>
  <thread>1</thread>
  <message>Delayed 5 second(s)</message>
  <nestedLevel>1</nestedLevel>
</record>
<record>
  <date>2019-09-10T10:47:11</date>
  <millis>1568087231116</millis>
  <sequence>71</sequence>
  <level>END</level>
  <class>com.kms.katalon.core.logging.XmlKeywordLogger</class>
  <method>endKeyword</method>
  <thread>1</thread>
  <message>End action : delay(5)</message>
  <nestedLevel>1</nestedLevel>
</record>
<record>
  <date>2019-09-10T10:47:11</date>
  <millis>1568087231117</millis>
  <sequence>72</sequence>
  <level>START</level>
  <class>com.kms.katalon.core.logging.XmlKeywordLogger</class>
  <method>startKeyword</method>
  <thread>1</thread>
  <message>Start action : takeScreenshot(\&amp;quot;/Users/refqi/Documents/webippro/password sent.png\&amp;quot;)</message>
  <nestedLevel>1</nestedLevel>
  <property name="startLine">36</property>
  <property name="stepIndex">11</property>
</record>
<record>
  <date>2019-09-10T10:47:11</date>
  <millis>1568087231693</millis>
  <sequence>73</sequence>
  <level>PASSED</level>
  <class>com.kms.katalon.core.logging.XmlKeywordLogger</class>
  <method>logMessage</method>
  <thread>1</thread>
  <message>Taking screenshot successfully</message>
  <nestedLevel>1</nestedLevel>
  <property name="attachment">/Users/refqi/Documents/webippro/password sent.png</property>
</record>
<record>
  <date>2019-09-10T10:47:11</date>
  <millis>1568087231694</millis>
  <sequence>74</sequence>
  <level>END</level>
  <class>com.kms.katalon.core.logging.XmlKeywordLogger</class>
  <method>endKeyword</method>
  <thread>1</thread>
  <message>End action : takeScreenshot(\&amp;quot;/Users/refqi/Documents/webippro/password sent.png\&amp;quot;)</message>
  <nestedLevel>1</nestedLevel>
</record>
<record>
  <date>2019-09-10T10:47:11</date>
  <millis>1568087231694</millis>
  <sequence>75</sequence>
  <level>START</level>
  <class>com.kms.katalon.core.logging.XmlKeywordLogger</class>
  <method>startKeyword</method>
  <thread>1</thread>
  <message>Start action : callTestCase(findTestCase(\&amp;quot;IP-021 ( Forgot email )\&amp;quot;), [:], STOP_ON_FAILURE)</message>
  <nestedLevel>1</nestedLevel>
  <property name="startLine">38</property>
  <property name="stepIndex">12</property>
</record>
<record>
  <date>2019-09-10T10:47:11</date>
  <millis>1568087231769</millis>
  <sequence>78</sequence>
  <level>START</level>
  <class>com.kms.katalon.core.logging.XmlKeywordLogger</class>
  <method>startTest</method>
  <thread>1</thread>
  <message>Start Test Case : Test Cases/IP-021 ( Forgot email )</message>
  <nestedLevel>2</nestedLevel>
  <property name="name">Test Cases/IP-021 ( Forgot email )</property>
  <property name="description"></property>
  <property name="id">Test Cases/IP-021 ( Forgot email )</property>
  <property name="source">\\Users\\refqi\\git\\ipropio\\Test Cases\\IP-021 ( Forgot email ).tc</property>
  <property name="tag"></property>
  <property name="isOptional">false</property>
</record>
<record>
  <date>2019-09-10T10:47:11</date>
  <millis>1568087231881</millis>
  <sequence>80</sequence>
  <level>START</level>
  <class>com.kms.katalon.core.logging.XmlKeywordLogger</class>
  <method>startKeyword</method>
  <thread>1</thread>
  <message>Start action : openBrowser(\&amp;quot;www.gmail.com\&amp;quot;)</message>
  <nestedLevel>1</nestedLevel>
  <property name="startLine">16</property>
  <property name="stepIndex">1</property>
</record>
<record>
  <date>2019-09-10T10:47:11</date>
  <millis>1568087231886</millis>
  <sequence>82</sequence>
  <level>WARNING</level>
  <class>com.kms.katalon.core.logging.XmlKeywordLogger</class>
  <method>logMessage</method>
  <thread>1</thread>
  <message>A browser is already opened. Closing browser and opening a new one</message>
  <nestedLevel>2</nestedLevel>
</record>
<record>
  <date>2019-09-10T10:47:12</date>
  <millis>1568087232015</millis>
  <sequence>83</sequence>
  <level>INFO</level>
  <class>com.kms.katalon.core.logging.XmlKeywordLogger</class>
  <method>logMessage</method>
  <thread>1</thread>
  <message>Starting &amp;apos;Chrome&amp;apos; driver</message>
  <nestedLevel>2</nestedLevel>
</record>
<record>
  <date>2019-09-10T10:47:13</date>
  <millis>1568087233247</millis>
  <sequence>86</sequence>
  <level>RUN_DATA</level>
  <class>com.kms.katalon.core.logging.XmlKeywordLogger</class>
  <method>logMessage</method>
  <thread>1</thread>
  <message>sessionId = cfc17769b6b08365e395ec1af2c73d6b</message>
  <nestedLevel>2</nestedLevel>
  <property name="sessionId">cfc17769b6b08365e395ec1af2c73d6b</property>
</record>
<record>
  <date>2019-09-10T10:47:13</date>
  <millis>1568087233266</millis>
  <sequence>87</sequence>
  <level>RUN_DATA</level>
  <class>com.kms.katalon.core.logging.XmlKeywordLogger</class>
  <method>logMessage</method>
  <thread>1</thread>
  <message>browser = Chrome 76.0.3809.100</message>
  <nestedLevel>2</nestedLevel>
  <property name="browser">Chrome 76.0.3809.100</property>
</record>
<record>
  <date>2019-09-10T10:47:13</date>
  <millis>1568087233267</millis>
  <sequence>88</sequence>
  <level>RUN_DATA</level>
  <class>com.kms.katalon.core.logging.XmlKeywordLogger</class>
  <method>logMessage</method>
  <thread>1</thread>
  <message>platform = Mac OS X</message>
  <nestedLevel>2</nestedLevel>
  <property name="platform">Mac OS X</property>
</record>
<record>
  <date>2019-09-10T10:47:13</date>
  <millis>1568087233267</millis>
  <sequence>89</sequence>
  <level>RUN_DATA</level>
  <class>com.kms.katalon.core.logging.XmlKeywordLogger</class>
  <method>logMessage</method>
  <thread>1</thread>
  <message>seleniumVersion = 3.141.59</message>
  <nestedLevel>2</nestedLevel>
  <property name="seleniumVersion">3.141.59</property>
</record>
<record>
  <date>2019-09-10T10:47:13</date>
  <millis>1568087233269</millis>
  <sequence>90</sequence>
  <level>RUN_DATA</level>
  <class>com.kms.katalon.core.logging.XmlKeywordLogger</class>
  <method>logMessage</method>
  <thread>1</thread>
  <message>proxyInformation = ProxyInformation{proxyOption=NO_PROXY, proxyServerType=HTTP, password=, proxyServerAddress=, proxyServerPort=0}</message>
  <nestedLevel>2</nestedLevel>
  <property name="proxyInformation">ProxyInformation{proxyOption=NO_PROXY, proxyServerType=HTTP, password=, proxyServerAddress=, proxyServerPort=0}</property>
</record>
<record>
  <date>2019-09-10T10:47:14</date>
  <millis>1568087234752</millis>
  <sequence>92</sequence>
  <level>PASSED</level>
  <class>com.kms.katalon.core.logging.XmlKeywordLogger</class>
  <method>logMessage</method>
  <thread>1</thread>
  <message>Browser is opened with url: &amp;apos;www.gmail.com&amp;apos;</message>
  <nestedLevel>2</nestedLevel>
</record>
<record>
  <date>2019-09-10T10:47:14</date>
  <millis>1568087234753</millis>
  <sequence>93</sequence>
  <level>END</level>
  <class>com.kms.katalon.core.logging.XmlKeywordLogger</class>
  <method>endKeyword</method>
  <thread>1</thread>
  <message>End action : openBrowser(\&amp;quot;www.gmail.com\&amp;quot;)</message>
  <nestedLevel>1</nestedLevel>
</record>
<record>
  <date>2019-09-10T10:47:14</date>
  <millis>1568087234753</millis>
  <sequence>94</sequence>
  <level>START</level>
  <class>com.kms.katalon.core.logging.XmlKeywordLogger</class>
  <method>startKeyword</method>
  <thread>1</thread>
  <message>Start action : setText(findTestObject(\&amp;quot;forgot email/input_Lanjutkan ke Gmail_identifier\&amp;quot;), \&amp;quot;refqi.hussein@gmail.com\&amp;quot;)</message>
  <nestedLevel>1</nestedLevel>
  <property name="startLine">18</property>
  <property name="stepIndex">2</property>
</record>
<record>
  <date>2019-09-10T10:47:15</date>
  <millis>1568087235381</millis>
  <sequence>103</sequence>
  <level>PASSED</level>
  <class>com.kms.katalon.core.logging.XmlKeywordLogger</class>
  <method>logMessage</method>
  <thread>1</thread>
  <message>Text &amp;apos;refqi.hussein@gmail.com&amp;apos; is set on object &amp;apos;Object Repository/forgot email/input_Lanjutkan ke Gmail_identifier&amp;apos;</message>
  <nestedLevel>2</nestedLevel>
</record>
<record>
  <date>2019-09-10T10:47:15</date>
  <millis>1568087235381</millis>
  <sequence>104</sequence>
  <level>END</level>
  <class>com.kms.katalon.core.logging.XmlKeywordLogger</class>
  <method>endKeyword</method>
  <thread>1</thread>
  <message>End action : setText(findTestObject(\&amp;quot;forgot email/input_Lanjutkan ke Gmail_identifier\&amp;quot;), \&amp;quot;refqi.hussein@gmail.com\&amp;quot;)</message>
  <nestedLevel>1</nestedLevel>
</record>
<record>
  <date>2019-09-10T10:47:15</date>
  <millis>1568087235382</millis>
  <sequence>105</sequence>
  <level>START</level>
  <class>com.kms.katalon.core.logging.XmlKeywordLogger</class>
  <method>startKeyword</method>
  <thread>1</thread>
  <message>Start action : click(findTestObject(\&amp;quot;forgot email/div_Berikutnya\&amp;quot;))</message>
  <nestedLevel>1</nestedLevel>
  <property name="startLine">20</property>
  <property name="stepIndex">3</property>
</record>
<record>
  <date>2019-09-10T10:47:15</date>
  <millis>1568087235688</millis>
  <sequence>112</sequence>
  <level>PASSED</level>
  <class>com.kms.katalon.core.logging.XmlKeywordLogger</class>
  <method>logMessage</method>
  <thread>1</thread>
  <message>Object: &amp;apos;Object Repository/forgot email/div_Berikutnya&amp;apos; is clicked on</message>
  <nestedLevel>2</nestedLevel>
</record>
<record>
  <date>2019-09-10T10:47:15</date>
  <millis>1568087235690</millis>
  <sequence>113</sequence>
  <level>END</level>
  <class>com.kms.katalon.core.logging.XmlKeywordLogger</class>
  <method>endKeyword</method>
  <thread>1</thread>
  <message>End action : click(findTestObject(\&amp;quot;forgot email/div_Berikutnya\&amp;quot;))</message>
  <nestedLevel>1</nestedLevel>
</record>
<record>
  <date>2019-09-10T10:47:15</date>
  <millis>1568087235690</millis>
  <sequence>114</sequence>
  <level>START</level>
  <class>com.kms.katalon.core.logging.XmlKeywordLogger</class>
  <method>startKeyword</method>
  <thread>1</thread>
  <message>Start action : delay(4)</message>
  <nestedLevel>1</nestedLevel>
  <property name="startLine">22</property>
  <property name="stepIndex">4</property>
</record>
<record>
  <date>2019-09-10T10:47:19</date>
  <millis>1568087239698</millis>
  <sequence>116</sequence>
  <level>PASSED</level>
  <class>com.kms.katalon.core.logging.XmlKeywordLogger</class>
  <method>logMessage</method>
  <thread>1</thread>
  <message>Delayed 4 second(s)</message>
  <nestedLevel>2</nestedLevel>
</record>
<record>
  <date>2019-09-10T10:47:19</date>
  <millis>1568087239699</millis>
  <sequence>117</sequence>
  <level>END</level>
  <class>com.kms.katalon.core.logging.XmlKeywordLogger</class>
  <method>endKeyword</method>
  <thread>1</thread>
  <message>End action : delay(4)</message>
  <nestedLevel>1</nestedLevel>
</record>
<record>
  <date>2019-09-10T10:47:19</date>
  <millis>1568087239700</millis>
  <sequence>118</sequence>
  <level>START</level>
  <class>com.kms.katalon.core.logging.XmlKeywordLogger</class>
  <method>startKeyword</method>
  <thread>1</thread>
  <message>Start action : setText(findTestObject(\&amp;quot;forgot email/input_Terlalu sering gagal_password\&amp;quot;), \&amp;quot;refqihussein9892\&amp;quot;)</message>
  <nestedLevel>1</nestedLevel>
  <property name="startLine">24</property>
  <property name="stepIndex">5</property>
</record>
<record>
  <date>2019-09-10T10:47:19</date>
  <millis>1568087239934</millis>
  <sequence>127</sequence>
  <level>PASSED</level>
  <class>com.kms.katalon.core.logging.XmlKeywordLogger</class>
  <method>logMessage</method>
  <thread>1</thread>
  <message>Text &amp;apos;refqihussein9892&amp;apos; is set on object &amp;apos;Object Repository/forgot email/input_Terlalu sering gagal_password&amp;apos;</message>
  <nestedLevel>2</nestedLevel>
</record>
<record>
  <date>2019-09-10T10:47:19</date>
  <millis>1568087239935</millis>
  <sequence>128</sequence>
  <level>END</level>
  <class>com.kms.katalon.core.logging.XmlKeywordLogger</class>
  <method>endKeyword</method>
  <thread>1</thread>
  <message>End action : setText(findTestObject(\&amp;quot;forgot email/input_Terlalu sering gagal_password\&amp;quot;), \&amp;quot;refqihussein9892\&amp;quot;)</message>
  <nestedLevel>1</nestedLevel>
</record>
<record>
  <date>2019-09-10T10:47:19</date>
  <millis>1568087239935</millis>
  <sequence>129</sequence>
  <level>START</level>
  <class>com.kms.katalon.core.logging.XmlKeywordLogger</class>
  <method>startKeyword</method>
  <thread>1</thread>
  <message>Start action : click(findTestObject(\&amp;quot;forgot email/div_Berikutnya\&amp;quot;))</message>
  <nestedLevel>1</nestedLevel>
  <property name="startLine">26</property>
  <property name="stepIndex">6</property>
</record>
<record>
  <date>2019-09-10T10:47:20</date>
  <millis>1568087240130</millis>
  <sequence>136</sequence>
  <level>PASSED</level>
  <class>com.kms.katalon.core.logging.XmlKeywordLogger</class>
  <method>logMessage</method>
  <thread>1</thread>
  <message>Object: &amp;apos;Object Repository/forgot email/div_Berikutnya&amp;apos; is clicked on</message>
  <nestedLevel>2</nestedLevel>
</record>
<record>
  <date>2019-09-10T10:47:20</date>
  <millis>1568087240131</millis>
  <sequence>137</sequence>
  <level>END</level>
  <class>com.kms.katalon.core.logging.XmlKeywordLogger</class>
  <method>endKeyword</method>
  <thread>1</thread>
  <message>End action : click(findTestObject(\&amp;quot;forgot email/div_Berikutnya\&amp;quot;))</message>
  <nestedLevel>1</nestedLevel>
</record>
<record>
  <date>2019-09-10T10:47:20</date>
  <millis>1568087240132</millis>
  <sequence>138</sequence>
  <level>START</level>
  <class>com.kms.katalon.core.logging.XmlKeywordLogger</class>
  <method>startKeyword</method>
  <thread>1</thread>
  <message>Start action : delay(5)</message>
  <nestedLevel>1</nestedLevel>
  <property name="startLine">28</property>
  <property name="stepIndex">7</property>
</record>
<record>
  <date>2019-09-10T10:47:25</date>
  <millis>1568087245136</millis>
  <sequence>140</sequence>
  <level>PASSED</level>
  <class>com.kms.katalon.core.logging.XmlKeywordLogger</class>
  <method>logMessage</method>
  <thread>1</thread>
  <message>Delayed 5 second(s)</message>
  <nestedLevel>2</nestedLevel>
</record>
<record>
  <date>2019-09-10T10:47:25</date>
  <millis>1568087245137</millis>
  <sequence>141</sequence>
  <level>END</level>
  <class>com.kms.katalon.core.logging.XmlKeywordLogger</class>
  <method>endKeyword</method>
  <thread>1</thread>
  <message>End action : delay(5)</message>
  <nestedLevel>1</nestedLevel>
</record>
<record>
  <date>2019-09-10T10:47:25</date>
  <millis>1568087245137</millis>
  <sequence>142</sequence>
  <level>START</level>
  <class>com.kms.katalon.core.logging.XmlKeywordLogger</class>
  <method>startKeyword</method>
  <thread>1</thread>
  <message>Start action : click(findTestObject(\&amp;quot;forgot email/New Message\&amp;quot;))</message>
  <nestedLevel>1</nestedLevel>
  <property name="startLine">30</property>
  <property name="stepIndex">8</property>
</record>
<record>
  <date>2019-09-10T10:47:56</date>
  <millis>1568087276739</millis>
  <sequence>147</sequence>
  <level>INFO</level>
  <class>com.kms.katalon.core.logging.XmlKeywordLogger</class>
  <method>logMessage</method>
  <thread>1</thread>
  <message>Unable to find the element located by &amp;apos;By.xpath: //tr[@id=&amp;apos;:23&amp;apos;]&amp;apos;. Please recheck the objects properties to make sure the desired element is located. </message>
  <nestedLevel>2</nestedLevel>
</record>
<record>
  <date>2019-09-10T10:47:56</date>
  <millis>1568087276760</millis>
  <sequence>151</sequence>
  <level>FAILED</level>
  <class>com.kms.katalon.core.logging.XmlKeywordLogger</class>
  <method>logMessage</method>
  <thread>1</thread>
  <message>Unable to click on object &amp;apos;Object Repository/forgot email/New Message&amp;apos; (Root cause: com.kms.katalon.core.exception.StepFailedException: Unable to click on object &amp;apos;Object Repository/forgot email/New Message&amp;apos;\n\tat com.kms.katalon.core.webui.keyword.internal.WebUIKeywordMain.stepFailed(WebUIKeywordMain.groovy:64)\n\tat com.kms.katalon.core.webui.keyword.internal.WebUIKeywordMain.runKeyword(WebUIKeywordMain.groovy:26)\n\tat com.kms.katalon.core.webui.keyword.builtin.ClickKeyword.click(ClickKeyword.groovy:86)\n\tat com.kms.katalon.core.webui.keyword.builtin.ClickKeyword.execute(ClickKeyword.groovy:67)\n\tat com.kms.katalon.core.keyword.internal.KeywordExecutor.executeKeywordForPlatform(KeywordExecutor.groovy:56)\n\tat com.kms.katalon.core.webui.keyword.WebUiBuiltInKeywords.click(WebUiBuiltInKeywords.groovy:616)\n\tat com.kms.katalon.core.webui.keyword.WebUiBuiltInKeywords$click$3.call(Unknown Source)\n\tat IP-021 ( Forgot email ).run(IP-021 ( Forgot email ):30)\n\tat com.kms.katalon.core.main.ScriptEngine.run(ScriptEngine.java:194)\n\tat com.kms.katalon.core.main.ScriptEngine.runScriptAsRawText(ScriptEngine.java:119)\n\tat com.kms.katalon.core.main.TestCaseExecutor.runScript(TestCaseExecutor.java:337)\n\tat com.kms.katalon.core.main.TestCaseExecutor.doExecute(TestCaseExecutor.java:328)\n\tat com.kms.katalon.core.main.TestCaseExecutor.processExecutionPhase(TestCaseExecutor.java:307)\n\tat com.kms.katalon.core.main.TestCaseExecutor.accessMainPhase(TestCaseExecutor.java:299)\n\tat com.kms.katalon.core.main.TestCaseExecutor.execute(TestCaseExecutor.java:233)\n\tat com.kms.katalon.core.main.TestCaseMain.runTestCase(TestCaseMain.java:114)\n\tat com.kms.katalon.core.keyword.builtin.CallTestCaseKeyword$_callTestCase_closure1.doCall(CallTestCaseKeyword.groovy:59)\n\tat com.kms.katalon.core.keyword.builtin.CallTestCaseKeyword$_callTestCase_closure1.call(CallTestCaseKeyword.groovy)\n\tat com.kms.katalon.core.keyword.internal.KeywordMain.runKeyword(KeywordMain.groovy:68)\n\tat com.kms.katalon.core.keyword.builtin.CallTestCaseKeyword.callTestCase(CallTestCaseKeyword.groovy:81)\n\tat com.kms.katalon.core.keyword.builtin.CallTestCaseKeyword.execute(CallTestCaseKeyword.groovy:44)\n\tat com.kms.katalon.core.keyword.internal.KeywordExecutor.executeKeywordForPlatform(KeywordExecutor.groovy:56)\n\tat com.kms.katalon.core.keyword.BuiltinKeywords.callTestCase(BuiltinKeywords.groovy:334)\n\tat IP-002 (Forgot Pin).run(IP-002 (Forgot Pin):38)\n\tat com.kms.katalon.core.main.ScriptEngine.run(ScriptEngine.java:194)\n\tat com.kms.katalon.core.main.ScriptEngine.runScriptAsRawText(ScriptEngine.java:119)\n\tat com.kms.katalon.core.main.TestCaseExecutor.runScript(TestCaseExecutor.java:337)\n\tat com.kms.katalon.core.main.TestCaseExecutor.doExecute(TestCaseExecutor.java:328)\n\tat com.kms.katalon.core.main.TestCaseExecutor.processExecutionPhase(TestCaseExecutor.java:307)\n\tat com.kms.katalon.core.main.TestCaseExecutor.accessMainPhase(TestCaseExecutor.java:299)\n\tat com.kms.katalon.core.main.TestCaseExecutor.execute(TestCaseExecutor.java:233)\n\tat com.kms.katalon.core.main.TestSuiteExecutor.accessTestCaseMainPhase(TestSuiteExecutor.java:169)\n\tat com.kms.katalon.core.main.TestSuiteExecutor.accessTestSuiteMainPhase(TestSuiteExecutor.java:142)\n\tat com.kms.katalon.core.main.TestSuiteExecutor.execute(TestSuiteExecutor.java:91)\n\tat com.kms.katalon.core.main.TestCaseMain.startTestSuite(TestCaseMain.java:157)\n\tat com.kms.katalon.core.main.TestCaseMain$startTestSuite$0.call(Unknown Source)\n\tat TempTestSuite1568087198936.run(TempTestSuite1568087198936.groovy:35)\nCaused by: com.kms.katalon.core.webui.exception.WebElementNotFoundException: Web element with id: &amp;apos;Object Repository/forgot email/New Message&amp;apos; located by &amp;apos;By.xpath: //tr[@id=&amp;apos;:23&amp;apos;]&amp;apos; not found\n\tat com.kms.katalon.core.webui.common.WebUiCommonHelper.findWebElement(WebUiCommonHelper.java:1097)\n\tat com.kms.katalon.core.webui.keyword.internal.WebUIAbstractKeyword.findWebElement(WebUIAbstractKeyword.groovy:27)\n\tat com.kms.katalon.core.webui.keyword.internal.WebUIAbstractKeyword.findWebElement(WebUIAbstractKeyword.groovy:26)\n\tat com.kms.katalon.core.webui.keyword.builtin.ClickKeyword$_click_closure1.doCall(ClickKeyword.groovy:77)\n\tat com.kms.katalon.core.webui.keyword.builtin.ClickKeyword$_click_closure1.call(ClickKeyword.groovy)\n\tat com.kms.katalon.core.webui.keyword.internal.WebUIKeywordMain.runKeyword(WebUIKeywordMain.groovy:20)\n\tat com.kms.katalon.core.webui.keyword.builtin.ClickKeyword.click(ClickKeyword.groovy:86)\n\tat com.kms.katalon.core.webui.keyword.builtin.ClickKeyword.execute(ClickKeyword.groovy:67)\n\tat com.kms.katalon.core.keyword.internal.KeywordExecutor.executeKeywordForPlatform(KeywordExecutor.groovy:56)\n\tat com.kms.katalon.core.webui.keyword.WebUiBuiltInKeywords.click(WebUiBuiltInKeywords.groovy:616)\n\tat com.kms.katalon.core.webui.keyword.WebUiBuiltInKeywords$click$3.call(Unknown Source)\n\tat Script1565912067289.run(Script1565912067289.groovy:30)\n\tat com.kms.katalon.core.main.ScriptEngine.run(ScriptEngine.java:194)\n\tat com.kms.katalon.core.main.ScriptEngine.runScriptAsRawText(ScriptEngine.java:119)\n\tat com.kms.katalon.core.main.TestCaseExecutor.runScript(TestCaseExecutor.java:337)\n\tat com.kms.katalon.core.main.TestCaseExecutor.doExecute(TestCaseExecutor.java:328)\n\tat com.kms.katalon.core.main.TestCaseExecutor.processExecutionPhase(TestCaseExecutor.java:307)\n\tat com.kms.katalon.core.main.TestCaseExecutor.accessMainPhase(TestCaseExecutor.java:299)\n\tat com.kms.katalon.core.main.TestCaseExecutor.execute(TestCaseExecutor.java:233)\n\tat com.kms.katalon.core.main.TestCaseMain.runTestCase(TestCaseMain.java:114)\n\tat com.kms.katalon.core.keyword.builtin.CallTestCaseKeyword$_callTestCase_closure1.doCall(CallTestCaseKeyword.groovy:59)\n\tat com.kms.katalon.core.keyword.builtin.CallTestCaseKeyword$_callTestCase_closure1.call(CallTestCaseKeyword.groovy)\n\tat com.kms.katalon.core.keyword.internal.KeywordMain.runKeyword(KeywordMain.groovy:68)\n\tat com.kms.katalon.core.keyword.builtin.CallTestCaseKeyword.callTestCase(CallTestCaseKeyword.groovy:81)\n\tat com.kms.katalon.core.keyword.builtin.CallTestCaseKeyword.execute(CallTestCaseKeyword.groovy:44)\n\tat com.kms.katalon.core.keyword.internal.KeywordExecutor.executeKeywordForPlatform(KeywordExecutor.groovy:56)\n\tat com.kms.katalon.core.keyword.BuiltinKeywords.callTestCase(BuiltinKeywords.groovy:334)\n\tat Script1564451755332.run(Script1564451755332.groovy:38)\n\t... 13 more\n)</message>
  <nestedLevel>2</nestedLevel>
  <property name="failed.exception.class">com.kms.katalon.core.webui.exception.WebElementNotFoundException</property>
  <property name="failed.exception.stacktrace">com.kms.katalon.core.webui.exception.WebElementNotFoundException: Web element with id: &apos;Object Repository/forgot email/New Message&apos; located by &apos;By.xpath: //tr[@id=&apos;:23&apos;]&apos; not found\n\tat com.kms.katalon.core.webui.common.WebUiCommonHelper.findWebElement(WebUiCommonHelper.java:1097)\n\tat com.kms.katalon.core.webui.keyword.internal.WebUIAbstractKeyword.findWebElement(WebUIAbstractKeyword.groovy:27)\n\tat com.kms.katalon.core.webui.keyword.internal.WebUIAbstractKeyword.findWebElement(WebUIAbstractKeyword.groovy:26)\n\tat com.kms.katalon.core.webui.keyword.builtin.ClickKeyword$_click_closure1.doCall(ClickKeyword.groovy:77)\n\tat com.kms.katalon.core.webui.keyword.builtin.ClickKeyword$_click_closure1.call(ClickKeyword.groovy)\n\tat com.kms.katalon.core.webui.keyword.internal.WebUIKeywordMain.runKeyword(WebUIKeywordMain.groovy:20)\n\tat com.kms.katalon.core.webui.keyword.builtin.ClickKeyword.click(ClickKeyword.groovy:86)\n\tat com.kms.katalon.core.webui.keyword.builtin.ClickKeyword.execute(ClickKeyword.groovy:67)\n\tat com.kms.katalon.core.keyword.internal.KeywordExecutor.executeKeywordForPlatform(KeywordExecutor.groovy:56)\n\tat com.kms.katalon.core.webui.keyword.WebUiBuiltInKeywords.click(WebUiBuiltInKeywords.groovy:616)\n\tat com.kms.katalon.core.webui.keyword.WebUiBuiltInKeywords$click$3.call(Unknown Source)\n\tat IP-021 ( Forgot email ).run(IP-021 ( Forgot email ):30)\n\tat com.kms.katalon.core.main.ScriptEngine.run(ScriptEngine.java:194)\n\tat com.kms.katalon.core.main.ScriptEngine.runScriptAsRawText(ScriptEngine.java:119)\n\tat com.kms.katalon.core.main.TestCaseExecutor.runScript(TestCaseExecutor.java:337)\n\tat com.kms.katalon.core.main.TestCaseExecutor.doExecute(TestCaseExecutor.java:328)\n\tat com.kms.katalon.core.main.TestCaseExecutor.processExecutionPhase(TestCaseExecutor.java:307)\n\tat com.kms.katalon.core.main.TestCaseExecutor.accessMainPhase(TestCaseExecutor.java:299)\n\tat com.kms.katalon.core.main.TestCaseExecutor.execute(TestCaseExecutor.java:233)\n\tat com.kms.katalon.core.main.TestCaseMain.runTestCase(TestCaseMain.java:114)\n\tat com.kms.katalon.core.keyword.builtin.CallTestCaseKeyword$_callTestCase_closure1.doCall(CallTestCaseKeyword.groovy:59)\n\tat com.kms.katalon.core.keyword.builtin.CallTestCaseKeyword$_callTestCase_closure1.call(CallTestCaseKeyword.groovy)\n\tat com.kms.katalon.core.keyword.internal.KeywordMain.runKeyword(KeywordMain.groovy:68)\n\tat com.kms.katalon.core.keyword.builtin.CallTestCaseKeyword.callTestCase(CallTestCaseKeyword.groovy:81)\n\tat com.kms.katalon.core.keyword.builtin.CallTestCaseKeyword.execute(CallTestCaseKeyword.groovy:44)\n\tat com.kms.katalon.core.keyword.internal.KeywordExecutor.executeKeywordForPlatform(KeywordExecutor.groovy:56)\n\tat com.kms.katalon.core.keyword.BuiltinKeywords.callTestCase(BuiltinKeywords.groovy:334)\n\tat IP-002 (Forgot Pin).run(IP-002 (Forgot Pin):38)\n\tat com.kms.katalon.core.main.ScriptEngine.run(ScriptEngine.java:194)\n\tat com.kms.katalon.core.main.ScriptEngine.runScriptAsRawText(ScriptEngine.java:119)\n\tat com.kms.katalon.core.main.TestCaseExecutor.runScript(TestCaseExecutor.java:337)\n\tat com.kms.katalon.core.main.TestCaseExecutor.doExecute(TestCaseExecutor.java:328)\n\tat com.kms.katalon.core.main.TestCaseExecutor.processExecutionPhase(TestCaseExecutor.java:307)\n\tat com.kms.katalon.core.main.TestCaseExecutor.accessMainPhase(TestCaseExecutor.java:299)\n\tat com.kms.katalon.core.main.TestCaseExecutor.execute(TestCaseExecutor.java:233)\n\tat com.kms.katalon.core.main.TestSuiteExecutor.accessTestCaseMainPhase(TestSuiteExecutor.java:169)\n\tat com.kms.katalon.core.main.TestSuiteExecutor.accessTestSuiteMainPhase(TestSuiteExecutor.java:142)\n\tat com.kms.katalon.core.main.TestSuiteExecutor.execute(TestSuiteExecutor.java:91)\n\tat com.kms.katalon.core.main.TestCaseMain.startTestSuite(TestCaseMain.java:157)\n\tat com.kms.katalon.core.main.TestCaseMain$startTestSuite$0.call(Unknown Source)\n\tat TempTestSuite1568087198936.run(TempTestSuite1568087198936.groovy:35)\n</property>
  <property name="failed.exception.message">Web element with id: &apos;Object Repository/forgot email/New Message&apos; located by &apos;By.xpath: //tr[@id=&apos;:23&apos;]&apos; not found</property>
</record>
<record>
  <date>2019-09-10T10:47:56</date>
  <millis>1568087276764</millis>
  <sequence>152</sequence>
  <level>END</level>
  <class>com.kms.katalon.core.logging.XmlKeywordLogger</class>
  <method>endKeyword</method>
  <thread>1</thread>
  <message>End action : click(findTestObject(\&amp;quot;forgot email/New Message\&amp;quot;))</message>
  <nestedLevel>1</nestedLevel>
</record>
<record>
  <date>2019-09-10T10:47:56</date>
  <millis>1568087276766</millis>
  <sequence>155</sequence>
  <level>FAILED</level>
  <class>com.kms.katalon.core.logging.XmlKeywordLogger</class>
  <method>logMessage</method>
  <thread>1</thread>
  <message>Test Cases/IP-021 ( Forgot email ) FAILED.\nReason:\ncom.kms.katalon.core.exception.StepFailedException: Unable to click on object &amp;apos;Object Repository/forgot email/New Message&amp;apos;\n\tat com.kms.katalon.core.webui.keyword.internal.WebUIKeywordMain.stepFailed(WebUIKeywordMain.groovy:64)\n\tat com.kms.katalon.core.webui.keyword.internal.WebUIKeywordMain.runKeyword(WebUIKeywordMain.groovy:26)\n\tat com.kms.katalon.core.webui.keyword.builtin.ClickKeyword.click(ClickKeyword.groovy:86)\n\tat com.kms.katalon.core.webui.keyword.builtin.ClickKeyword.execute(ClickKeyword.groovy:67)\n\tat com.kms.katalon.core.keyword.internal.KeywordExecutor.executeKeywordForPlatform(KeywordExecutor.groovy:56)\n\tat com.kms.katalon.core.webui.keyword.WebUiBuiltInKeywords.click(WebUiBuiltInKeywords.groovy:616)\n\tat com.kms.katalon.core.webui.keyword.WebUiBuiltInKeywords$click$3.call(Unknown Source)\n\tat IP-021 ( Forgot email ).run(IP-021 ( Forgot email ):30)\n\tat com.kms.katalon.core.main.ScriptEngine.run(ScriptEngine.java:194)\n\tat com.kms.katalon.core.main.ScriptEngine.runScriptAsRawText(ScriptEngine.java:119)\n\tat com.kms.katalon.core.main.TestCaseExecutor.runScript(TestCaseExecutor.java:337)\n\tat com.kms.katalon.core.main.TestCaseExecutor.doExecute(TestCaseExecutor.java:328)\n\tat com.kms.katalon.core.main.TestCaseExecutor.processExecutionPhase(TestCaseExecutor.java:307)\n\tat com.kms.katalon.core.main.TestCaseExecutor.accessMainPhase(TestCaseExecutor.java:299)\n\tat com.kms.katalon.core.main.TestCaseExecutor.execute(TestCaseExecutor.java:233)\n\tat com.kms.katalon.core.main.TestCaseMain.runTestCase(TestCaseMain.java:114)\n\tat com.kms.katalon.core.keyword.builtin.CallTestCaseKeyword$_callTestCase_closure1.doCall(CallTestCaseKeyword.groovy:59)\n\tat com.kms.katalon.core.keyword.builtin.CallTestCaseKeyword$_callTestCase_closure1.call(CallTestCaseKeyword.groovy)\n\tat com.kms.katalon.core.keyword.internal.KeywordMain.runKeyword(KeywordMain.groovy:68)\n\tat com.kms.katalon.core.keyword.builtin.CallTestCaseKeyword.callTestCase(CallTestCaseKeyword.groovy:81)\n\tat com.kms.katalon.core.keyword.builtin.CallTestCaseKeyword.execute(CallTestCaseKeyword.groovy:44)\n\tat com.kms.katalon.core.keyword.internal.KeywordExecutor.executeKeywordForPlatform(KeywordExecutor.groovy:56)\n\tat com.kms.katalon.core.keyword.BuiltinKeywords.callTestCase(BuiltinKeywords.groovy:334)\n\tat IP-002 (Forgot Pin).run(IP-002 (Forgot Pin):38)\n\tat com.kms.katalon.core.main.ScriptEngine.run(ScriptEngine.java:194)\n\tat com.kms.katalon.core.main.ScriptEngine.runScriptAsRawText(ScriptEngine.java:119)\n\tat com.kms.katalon.core.main.TestCaseExecutor.runScript(TestCaseExecutor.java:337)\n\tat com.kms.katalon.core.main.TestCaseExecutor.doExecute(TestCaseExecutor.java:328)\n\tat com.kms.katalon.core.main.TestCaseExecutor.processExecutionPhase(TestCaseExecutor.java:307)\n\tat com.kms.katalon.core.main.TestCaseExecutor.accessMainPhase(TestCaseExecutor.java:299)\n\tat com.kms.katalon.core.main.TestCaseExecutor.execute(TestCaseExecutor.java:233)\n\tat com.kms.katalon.core.main.TestSuiteExecutor.accessTestCaseMainPhase(TestSuiteExecutor.java:169)\n\tat com.kms.katalon.core.main.TestSuiteExecutor.accessTestSuiteMainPhase(TestSuiteExecutor.java:142)\n\tat com.kms.katalon.core.main.TestSuiteExecutor.execute(TestSuiteExecutor.java:91)\n\tat com.kms.katalon.core.main.TestCaseMain.startTestSuite(TestCaseMain.java:157)\n\tat com.kms.katalon.core.main.TestCaseMain$startTestSuite$0.call(Unknown Source)\n\tat TempTestSuite1568087198936.run(TempTestSuite1568087198936.groovy:35)\nCaused by: com.kms.katalon.core.webui.exception.WebElementNotFoundException: Web element with id: &amp;apos;Object Repository/forgot email/New Message&amp;apos; located by &amp;apos;By.xpath: //tr[@id=&amp;apos;:23&amp;apos;]&amp;apos; not found\n\tat com.kms.katalon.core.webui.common.WebUiCommonHelper.findWebElement(WebUiCommonHelper.java:1097)\n\tat com.kms.katalon.core.webui.keyword.internal.WebUIAbstractKeyword.findWebElement(WebUIAbstractKeyword.groovy:27)\n\tat com.kms.katalon.core.webui.keyword.internal.WebUIAbstractKeyword.findWebElement(WebUIAbstractKeyword.groovy:26)\n\tat com.kms.katalon.core.webui.keyword.builtin.ClickKeyword$_click_closure1.doCall(ClickKeyword.groovy:77)\n\tat com.kms.katalon.core.webui.keyword.builtin.ClickKeyword$_click_closure1.call(ClickKeyword.groovy)\n\tat com.kms.katalon.core.webui.keyword.internal.WebUIKeywordMain.runKeyword(WebUIKeywordMain.groovy:20)\n\t... 35 more\n</message>
  <exception>
    <message>com.kms.katalon.core.exception.StepFailedException: Unable to click on object 'Object Repository/forgot email/New Message'</message>
    <frame>
      <class>com.kms.katalon.core.webui.keyword.internal.WebUIKeywordMain</class>
      <method>stepFailed</method>
      <line>64</line>
    </frame>
    <frame>
      <class>com.kms.katalon.core.webui.keyword.internal.WebUIKeywordMain</class>
      <method>runKeyword</method>
      <line>26</line>
    </frame>
    <frame>
      <class>com.kms.katalon.core.webui.keyword.builtin.ClickKeyword</class>
      <method>click</method>
      <line>86</line>
    </frame>
    <frame>
      <class>com.kms.katalon.core.webui.keyword.builtin.ClickKeyword</class>
      <method>execute</method>
      <line>67</line>
    </frame>
    <frame>
      <class>com.kms.katalon.core.keyword.internal.KeywordExecutor</class>
      <method>executeKeywordForPlatform</method>
      <line>56</line>
    </frame>
    <frame>
      <class>com.kms.katalon.core.webui.keyword.WebUiBuiltInKeywords</class>
      <method>click</method>
      <line>616</line>
    </frame>
    <frame>
      <class>com.kms.katalon.core.webui.keyword.WebUiBuiltInKeywords$click$3</class>
      <method>call</method>
    </frame>
    <frame>
      <class>IP-021 ( Forgot email )</class>
      <method>run</method>
      <line>30</line>
    </frame>
    <frame>
      <class>com.kms.katalon.core.main.ScriptEngine</class>
      <method>run</method>
      <line>194</line>
    </frame>
    <frame>
      <class>com.kms.katalon.core.main.ScriptEngine</class>
      <method>runScriptAsRawText</method>
      <line>119</line>
    </frame>
    <frame>
      <class>com.kms.katalon.core.main.TestCaseExecutor</class>
      <method>runScript</method>
      <line>337</line>
    </frame>
    <frame>
      <class>com.kms.katalon.core.main.TestCaseExecutor</class>
      <method>doExecute</method>
      <line>328</line>
    </frame>
    <frame>
      <class>com.kms.katalon.core.main.TestCaseExecutor</class>
      <method>processExecutionPhase</method>
      <line>307</line>
    </frame>
    <frame>
      <class>com.kms.katalon.core.main.TestCaseExecutor</class>
      <method>accessMainPhase</method>
      <line>299</line>
    </frame>
    <frame>
      <class>com.kms.katalon.core.main.TestCaseExecutor</class>
      <method>execute</method>
      <line>233</line>
    </frame>
    <frame>
      <class>com.kms.katalon.core.main.TestCaseMain</class>
      <method>runTestCase</method>
      <line>114</line>
    </frame>
    <frame>
      <class>com.kms.katalon.core.keyword.builtin.CallTestCaseKeyword$_callTestCase_closure1</class>
      <method>doCall</method>
      <line>59</line>
    </frame>
    <frame>
      <class>com.kms.katalon.core.keyword.builtin.CallTestCaseKeyword$_callTestCase_closure1</class>
      <method>call</method>
    </frame>
    <frame>
      <class>com.kms.katalon.core.keyword.internal.KeywordMain</class>
      <method>runKeyword</method>
      <line>68</line>
    </frame>
    <frame>
      <class>com.kms.katalon.core.keyword.builtin.CallTestCaseKeyword</class>
      <method>callTestCase</method>
      <line>81</line>
    </frame>
    <frame>
      <class>com.kms.katalon.core.keyword.builtin.CallTestCaseKeyword</class>
      <method>execute</method>
      <line>44</line>
    </frame>
    <frame>
      <class>com.kms.katalon.core.keyword.internal.KeywordExecutor</class>
      <method>executeKeywordForPlatform</method>
      <line>56</line>
    </frame>
    <frame>
      <class>com.kms.katalon.core.keyword.BuiltinKeywords</class>
      <method>callTestCase</method>
      <line>334</line>
    </frame>
    <frame>
      <class>IP-002 (Forgot Pin)</class>
      <method>run</method>
      <line>38</line>
    </frame>
    <frame>
      <class>com.kms.katalon.core.main.ScriptEngine</class>
      <method>run</method>
      <line>194</line>
    </frame>
    <frame>
      <class>com.kms.katalon.core.main.ScriptEngine</class>
      <method>runScriptAsRawText</method>
      <line>119</line>
    </frame>
    <frame>
      <class>com.kms.katalon.core.main.TestCaseExecutor</class>
      <method>runScript</method>
      <line>337</line>
    </frame>
    <frame>
      <class>com.kms.katalon.core.main.TestCaseExecutor</class>
      <method>doExecute</method>
      <line>328</line>
    </frame>
    <frame>
      <class>com.kms.katalon.core.main.TestCaseExecutor</class>
      <method>processExecutionPhase</method>
      <line>307</line>
    </frame>
    <frame>
      <class>com.kms.katalon.core.main.TestCaseExecutor</class>
      <method>accessMainPhase</method>
      <line>299</line>
    </frame>
    <frame>
      <class>com.kms.katalon.core.main.TestCaseExecutor</class>
      <method>execute</method>
      <line>233</line>
    </frame>
    <frame>
      <class>com.kms.katalon.core.main.TestSuiteExecutor</class>
      <method>accessTestCaseMainPhase</method>
      <line>169</line>
    </frame>
    <frame>
      <class>com.kms.katalon.core.main.TestSuiteExecutor</class>
      <method>accessTestSuiteMainPhase</method>
      <line>142</line>
    </frame>
    <frame>
      <class>com.kms.katalon.core.main.TestSuiteExecutor</class>
      <method>execute</method>
      <line>91</line>
    </frame>
    <frame>
      <class>com.kms.katalon.core.main.TestCaseMain</class>
      <method>startTestSuite</method>
      <line>157</line>
    </frame>
    <frame>
      <class>com.kms.katalon.core.main.TestCaseMain$startTestSuite$0</class>
      <method>call</method>
    </frame>
    <frame>
      <class>TempTestSuite1568087198936</class>
      <method>run</method>
      <line>35</line>
    </frame>
  </exception>
  <nestedLevel>0</nestedLevel>
  <property name="failed.exception.stacktrace">com.kms.katalon.core.webui.exception.WebElementNotFoundException: Web element with id: &apos;Object Repository/forgot email/New Message&apos; located by &apos;By.xpath: //tr[@id=&apos;:23&apos;]&apos; not found\n\tat com.kms.katalon.core.webui.common.WebUiCommonHelper.findWebElement(WebUiCommonHelper.java:1097)\n\tat com.kms.katalon.core.webui.keyword.internal.WebUIAbstractKeyword.findWebElement(WebUIAbstractKeyword.groovy:27)\n\tat com.kms.katalon.core.webui.keyword.internal.WebUIAbstractKeyword.findWebElement(WebUIAbstractKeyword.groovy:26)\n\tat com.kms.katalon.core.webui.keyword.builtin.ClickKeyword$_click_closure1.doCall(ClickKeyword.groovy:77)\n\tat com.kms.katalon.core.webui.keyword.builtin.ClickKeyword$_click_closure1.call(ClickKeyword.groovy)\n\tat com.kms.katalon.core.webui.keyword.internal.WebUIKeywordMain.runKeyword(WebUIKeywordMain.groovy:20)\n\tat com.kms.katalon.core.webui.keyword.builtin.ClickKeyword.click(ClickKeyword.groovy:86)\n\tat com.kms.katalon.core.webui.keyword.builtin.ClickKeyword.execute(ClickKeyword.groovy:67)\n\tat com.kms.katalon.core.keyword.internal.KeywordExecutor.executeKeywordForPlatform(KeywordExecutor.groovy:56)\n\tat com.kms.katalon.core.webui.keyword.WebUiBuiltInKeywords.click(WebUiBuiltInKeywords.groovy:616)\n\tat com.kms.katalon.core.webui.keyword.WebUiBuiltInKeywords$click$3.call(Unknown Source)\n\tat IP-021 ( Forgot email ).run(IP-021 ( Forgot email ):30)\n\tat com.kms.katalon.core.main.ScriptEngine.run(ScriptEngine.java:194)\n\tat com.kms.katalon.core.main.ScriptEngine.runScriptAsRawText(ScriptEngine.java:119)\n\tat com.kms.katalon.core.main.TestCaseExecutor.runScript(TestCaseExecutor.java:337)\n\tat com.kms.katalon.core.main.TestCaseExecutor.doExecute(TestCaseExecutor.java:328)\n\tat com.kms.katalon.core.main.TestCaseExecutor.processExecutionPhase(TestCaseExecutor.java:307)\n\tat com.kms.katalon.core.main.TestCaseExecutor.accessMainPhase(TestCaseExecutor.java:299)\n\tat com.kms.katalon.core.main.TestCaseExecutor.execute(TestCaseExecutor.java:233)\n\tat com.kms.katalon.core.main.TestCaseMain.runTestCase(TestCaseMain.java:114)\n\tat com.kms.katalon.core.keyword.builtin.CallTestCaseKeyword$_callTestCase_closure1.doCall(CallTestCaseKeyword.groovy:59)\n\tat com.kms.katalon.core.keyword.builtin.CallTestCaseKeyword$_callTestCase_closure1.call(CallTestCaseKeyword.groovy)\n\tat com.kms.katalon.core.keyword.internal.KeywordMain.runKeyword(KeywordMain.groovy:68)\n\tat com.kms.katalon.core.keyword.builtin.CallTestCaseKeyword.callTestCase(CallTestCaseKeyword.groovy:81)\n\tat com.kms.katalon.core.keyword.builtin.CallTestCaseKeyword.execute(CallTestCaseKeyword.groovy:44)\n\tat com.kms.katalon.core.keyword.internal.KeywordExecutor.executeKeywordForPlatform(KeywordExecutor.groovy:56)\n\tat com.kms.katalon.core.keyword.BuiltinKeywords.callTestCase(BuiltinKeywords.groovy:334)\n\tat IP-002 (Forgot Pin).run(IP-002 (Forgot Pin):38)\n\tat com.kms.katalon.core.main.ScriptEngine.run(ScriptEngine.java:194)\n\tat com.kms.katalon.core.main.ScriptEngine.runScriptAsRawText(ScriptEngine.java:119)\n\tat com.kms.katalon.core.main.TestCaseExecutor.runScript(TestCaseExecutor.java:337)\n\tat com.kms.katalon.core.main.TestCaseExecutor.doExecute(TestCaseExecutor.java:328)\n\tat com.kms.katalon.core.main.TestCaseExecutor.processExecutionPhase(TestCaseExecutor.java:307)\n\tat com.kms.katalon.core.main.TestCaseExecutor.accessMainPhase(TestCaseExecutor.java:299)\n\tat com.kms.katalon.core.main.TestCaseExecutor.execute(TestCaseExecutor.java:233)\n\tat com.kms.katalon.core.main.TestSuiteExecutor.accessTestCaseMainPhase(TestSuiteExecutor.java:169)\n\tat com.kms.katalon.core.main.TestSuiteExecutor.accessTestSuiteMainPhase(TestSuiteExecutor.java:142)\n\tat com.kms.katalon.core.main.TestSuiteExecutor.execute(TestSuiteExecutor.java:91)\n\tat com.kms.katalon.core.main.TestCaseMain.startTestSuite(TestCaseMain.java:157)\n\tat com.kms.katalon.core.main.TestCaseMain$startTestSuite$0.call(Unknown Source)\n\tat TempTestSuite1568087198936.run(TempTestSuite1568087198936.groovy:35)\n</property>
  <property name="failed.exception.class">com.kms.katalon.core.webui.exception.WebElementNotFoundException</property>
  <property name="failed.exception.message">Web element with id: &apos;Object Repository/forgot email/New Message&apos; located by &apos;By.xpath: //tr[@id=&apos;:23&apos;]&apos; not found</property>
</record>
<record>
  <date>2019-09-10T10:47:56</date>
  <millis>1568087276773</millis>
  <sequence>157</sequence>
  <level>END</level>
  <class>com.kms.katalon.core.logging.XmlKeywordLogger</class>
  <method>endTest</method>
  <thread>1</thread>
  <message>End Test Case : Test Cases/IP-021 ( Forgot email )</message>
  <nestedLevel>1</nestedLevel>
</record>
<record>
  <date>2019-09-10T10:47:56</date>
  <millis>1568087276785</millis>
  <sequence>162</sequence>
  <level>FAILED</level>
  <class>com.kms.katalon.core.logging.XmlKeywordLogger</class>
  <method>logMessage</method>
  <thread>1</thread>
  <message>Unable to call Test Case &amp;apos;Test Cases/IP-021 ( Forgot email )&amp;apos; (Root cause: com.kms.katalon.core.exception.StepFailedException: Call Test Case &amp;apos;Test Cases/IP-021 ( Forgot email )&amp;apos; failed\n\tat com.kms.katalon.core.keyword.builtin.CallTestCaseKeyword$_callTestCase_closure1.doCall(CallTestCaseKeyword.groovy:63)\n\tat com.kms.katalon.core.keyword.builtin.CallTestCaseKeyword$_callTestCase_closure1.call(CallTestCaseKeyword.groovy)\n\tat com.kms.katalon.core.keyword.internal.KeywordMain.runKeyword(KeywordMain.groovy:68)\n\tat com.kms.katalon.core.keyword.builtin.CallTestCaseKeyword.callTestCase(CallTestCaseKeyword.groovy:81)\n\tat com.kms.katalon.core.keyword.builtin.CallTestCaseKeyword.execute(CallTestCaseKeyword.groovy:44)\n\tat com.kms.katalon.core.keyword.internal.KeywordExecutor.executeKeywordForPlatform(KeywordExecutor.groovy:56)\n\tat com.kms.katalon.core.keyword.BuiltinKeywords.callTestCase(BuiltinKeywords.groovy:334)\n\tat IP-002 (Forgot Pin).run(IP-002 (Forgot Pin):38)\n\tat com.kms.katalon.core.main.ScriptEngine.run(ScriptEngine.java:194)\n\tat com.kms.katalon.core.main.ScriptEngine.runScriptAsRawText(ScriptEngine.java:119)\n\tat com.kms.katalon.core.main.TestCaseExecutor.runScript(TestCaseExecutor.java:337)\n\tat com.kms.katalon.core.main.TestCaseExecutor.doExecute(TestCaseExecutor.java:328)\n\tat com.kms.katalon.core.main.TestCaseExecutor.processExecutionPhase(TestCaseExecutor.java:307)\n\tat com.kms.katalon.core.main.TestCaseExecutor.accessMainPhase(TestCaseExecutor.java:299)\n\tat com.kms.katalon.core.main.TestCaseExecutor.execute(TestCaseExecutor.java:233)\n\tat com.kms.katalon.core.main.TestSuiteExecutor.accessTestCaseMainPhase(TestSuiteExecutor.java:169)\n\tat com.kms.katalon.core.main.TestSuiteExecutor.accessTestSuiteMainPhase(TestSuiteExecutor.java:142)\n\tat com.kms.katalon.core.main.TestSuiteExecutor.execute(TestSuiteExecutor.java:91)\n\tat com.kms.katalon.core.main.TestCaseMain.startTestSuite(TestCaseMain.java:157)\n\tat com.kms.katalon.core.main.TestCaseMain$startTestSuite$0.call(Unknown Source)\n\tat TempTestSuite1568087198936.run(TempTestSuite1568087198936.groovy:35)\nCaused by: com.kms.katalon.core.exception.StepFailedException: Unable to click on object &amp;apos;Object Repository/forgot email/New Message&amp;apos;\n\tat com.kms.katalon.core.webui.keyword.internal.WebUIKeywordMain.stepFailed(WebUIKeywordMain.groovy:64)\n\tat com.kms.katalon.core.webui.keyword.internal.WebUIKeywordMain.runKeyword(WebUIKeywordMain.groovy:26)\n\tat com.kms.katalon.core.webui.keyword.builtin.ClickKeyword.click(ClickKeyword.groovy:86)\n\tat com.kms.katalon.core.webui.keyword.builtin.ClickKeyword.execute(ClickKeyword.groovy:67)\n\tat com.kms.katalon.core.keyword.internal.KeywordExecutor.executeKeywordForPlatform(KeywordExecutor.groovy:56)\n\tat com.kms.katalon.core.webui.keyword.WebUiBuiltInKeywords.click(WebUiBuiltInKeywords.groovy:616)\n\tat com.kms.katalon.core.webui.keyword.WebUiBuiltInKeywords$click$3.call(Unknown Source)\n\tat IP-021 ( Forgot email ).run(IP-021 ( Forgot email ):30)\n\tat com.kms.katalon.core.main.ScriptEngine.run(ScriptEngine.java:194)\n\tat com.kms.katalon.core.main.ScriptEngine.runScriptAsRawText(ScriptEngine.java:119)\n\tat com.kms.katalon.core.main.TestCaseExecutor.runScript(TestCaseExecutor.java:337)\n\tat com.kms.katalon.core.main.TestCaseExecutor.doExecute(TestCaseExecutor.java:328)\n\tat com.kms.katalon.core.main.TestCaseExecutor.processExecutionPhase(TestCaseExecutor.java:307)\n\tat com.kms.katalon.core.main.TestCaseExecutor.accessMainPhase(TestCaseExecutor.java:299)\n\tat com.kms.katalon.core.main.TestCaseExecutor.execute(TestCaseExecutor.java:233)\n\tat com.kms.katalon.core.main.TestCaseMain.runTestCase(TestCaseMain.java:114)\n\tat com.kms.katalon.core.keyword.builtin.CallTestCaseKeyword$_callTestCase_closure1.doCall(CallTestCaseKeyword.groovy:59)\n\t... 20 more\nCaused by: com.kms.katalon.core.webui.exception.WebElementNotFoundException: Web element with id: &amp;apos;Object Repository/forgot email/New Message&amp;apos; located by &amp;apos;By.xpath: //tr[@id=&amp;apos;:23&amp;apos;]&amp;apos; not found\n\tat com.kms.katalon.core.webui.common.WebUiCommonHelper.findWebElement(WebUiCommonHelper.java:1097)\n\tat com.kms.katalon.core.webui.keyword.internal.WebUIAbstractKeyword.findWebElement(WebUIAbstractKeyword.groovy:27)\n\tat com.kms.katalon.core.webui.keyword.internal.WebUIAbstractKeyword.findWebElement(WebUIAbstractKeyword.groovy:26)\n\tat com.kms.katalon.core.webui.keyword.builtin.ClickKeyword$_click_closure1.doCall(ClickKeyword.groovy:77)\n\tat com.kms.katalon.core.webui.keyword.builtin.ClickKeyword$_click_closure1.call(ClickKeyword.groovy)\n\tat com.kms.katalon.core.webui.keyword.internal.WebUIKeywordMain.runKeyword(WebUIKeywordMain.groovy:20)\n\t... 35 more\n)</message>
  <nestedLevel>1</nestedLevel>
  <property name="failed.exception.class">com.kms.katalon.core.webui.exception.WebElementNotFoundException</property>
  <property name="failed.exception.stacktrace">com.kms.katalon.core.webui.exception.WebElementNotFoundException: Web element with id: &apos;Object Repository/forgot email/New Message&apos; located by &apos;By.xpath: //tr[@id=&apos;:23&apos;]&apos; not found\n\tat com.kms.katalon.core.webui.common.WebUiCommonHelper.findWebElement(WebUiCommonHelper.java:1097)\n\tat com.kms.katalon.core.webui.keyword.internal.WebUIAbstractKeyword.findWebElement(WebUIAbstractKeyword.groovy:27)\n\tat com.kms.katalon.core.webui.keyword.internal.WebUIAbstractKeyword.findWebElement(WebUIAbstractKeyword.groovy:26)\n\tat com.kms.katalon.core.webui.keyword.builtin.ClickKeyword$_click_closure1.doCall(ClickKeyword.groovy:77)\n\tat com.kms.katalon.core.webui.keyword.builtin.ClickKeyword$_click_closure1.call(ClickKeyword.groovy)\n\tat com.kms.katalon.core.webui.keyword.internal.WebUIKeywordMain.runKeyword(WebUIKeywordMain.groovy:20)\n\tat com.kms.katalon.core.webui.keyword.builtin.ClickKeyword.click(ClickKeyword.groovy:86)\n\tat com.kms.katalon.core.webui.keyword.builtin.ClickKeyword.execute(ClickKeyword.groovy:67)\n\tat com.kms.katalon.core.keyword.internal.KeywordExecutor.executeKeywordForPlatform(KeywordExecutor.groovy:56)\n\tat com.kms.katalon.core.webui.keyword.WebUiBuiltInKeywords.click(WebUiBuiltInKeywords.groovy:616)\n\tat com.kms.katalon.core.webui.keyword.WebUiBuiltInKeywords$click$3.call(Unknown Source)\n\tat IP-021 ( Forgot email ).run(IP-021 ( Forgot email ):30)\n\tat com.kms.katalon.core.main.ScriptEngine.run(ScriptEngine.java:194)\n\tat com.kms.katalon.core.main.ScriptEngine.runScriptAsRawText(ScriptEngine.java:119)\n\tat com.kms.katalon.core.main.TestCaseExecutor.runScript(TestCaseExecutor.java:337)\n\tat com.kms.katalon.core.main.TestCaseExecutor.doExecute(TestCaseExecutor.java:328)\n\tat com.kms.katalon.core.main.TestCaseExecutor.processExecutionPhase(TestCaseExecutor.java:307)\n\tat com.kms.katalon.core.main.TestCaseExecutor.accessMainPhase(TestCaseExecutor.java:299)\n\tat com.kms.katalon.core.main.TestCaseExecutor.execute(TestCaseExecutor.java:233)\n\tat com.kms.katalon.core.main.TestCaseMain.runTestCase(TestCaseMain.java:114)\n\tat com.kms.katalon.core.keyword.builtin.CallTestCaseKeyword$_callTestCase_closure1.doCall(CallTestCaseKeyword.groovy:59)\n\tat com.kms.katalon.core.keyword.builtin.CallTestCaseKeyword$_callTestCase_closure1.call(CallTestCaseKeyword.groovy)\n\tat com.kms.katalon.core.keyword.internal.KeywordMain.runKeyword(KeywordMain.groovy:68)\n\tat com.kms.katalon.core.keyword.builtin.CallTestCaseKeyword.callTestCase(CallTestCaseKeyword.groovy:81)\n\tat com.kms.katalon.core.keyword.builtin.CallTestCaseKeyword.execute(CallTestCaseKeyword.groovy:44)\n\tat com.kms.katalon.core.keyword.internal.KeywordExecutor.executeKeywordForPlatform(KeywordExecutor.groovy:56)\n\tat com.kms.katalon.core.keyword.BuiltinKeywords.callTestCase(BuiltinKeywords.groovy:334)\n\tat IP-002 (Forgot Pin).run(IP-002 (Forgot Pin):38)\n\tat com.kms.katalon.core.main.ScriptEngine.run(ScriptEngine.java:194)\n\tat com.kms.katalon.core.main.ScriptEngine.runScriptAsRawText(ScriptEngine.java:119)\n\tat com.kms.katalon.core.main.TestCaseExecutor.runScript(TestCaseExecutor.java:337)\n\tat com.kms.katalon.core.main.TestCaseExecutor.doExecute(TestCaseExecutor.java:328)\n\tat com.kms.katalon.core.main.TestCaseExecutor.processExecutionPhase(TestCaseExecutor.java:307)\n\tat com.kms.katalon.core.main.TestCaseExecutor.accessMainPhase(TestCaseExecutor.java:299)\n\tat com.kms.katalon.core.main.TestCaseExecutor.execute(TestCaseExecutor.java:233)\n\tat com.kms.katalon.core.main.TestSuiteExecutor.accessTestCaseMainPhase(TestSuiteExecutor.java:169)\n\tat com.kms.katalon.core.main.TestSuiteExecutor.accessTestSuiteMainPhase(TestSuiteExecutor.java:142)\n\tat com.kms.katalon.core.main.TestSuiteExecutor.execute(TestSuiteExecutor.java:91)\n\tat com.kms.katalon.core.main.TestCaseMain.startTestSuite(TestCaseMain.java:157)\n\tat com.kms.katalon.core.main.TestCaseMain$startTestSuite$0.call(Unknown Source)\n\tat TempTestSuite1568087198936.run(TempTestSuite1568087198936.groovy:35)\n</property>
  <property name="failed.exception.message">Web element with id: &apos;Object Repository/forgot email/New Message&apos; located by &apos;By.xpath: //tr[@id=&apos;:23&apos;]&apos; not found</property>
</record>
<record>
  <date>2019-09-10T10:47:56</date>
  <millis>1568087276788</millis>
  <sequence>163</sequence>
  <level>END</level>
  <class>com.kms.katalon.core.logging.XmlKeywordLogger</class>
  <method>endKeyword</method>
  <thread>1</thread>
  <message>End action : callTestCase(findTestCase(\&amp;quot;IP-021 ( Forgot email )\&amp;quot;), [:], STOP_ON_FAILURE)</message>
  <nestedLevel>1</nestedLevel>
</record>
<record>
  <date>2019-09-10T10:47:56</date>
  <millis>1568087276793</millis>
  <sequence>167</sequence>
  <level>FAILED</level>
  <class>com.kms.katalon.core.logging.XmlKeywordLogger</class>
  <method>logMessage</method>
  <thread>1</thread>
  <message>Test Cases/IP-002 (Forgot Pin) FAILED.\nReason:\ncom.kms.katalon.core.exception.StepFailedException: Call Test Case &amp;apos;Test Cases/IP-021 ( Forgot email )&amp;apos; failed\n\tat com.kms.katalon.core.keyword.builtin.CallTestCaseKeyword$_callTestCase_closure1.doCall(CallTestCaseKeyword.groovy:63)\n\tat com.kms.katalon.core.keyword.builtin.CallTestCaseKeyword$_callTestCase_closure1.call(CallTestCaseKeyword.groovy)\n\tat com.kms.katalon.core.keyword.internal.KeywordMain.runKeyword(KeywordMain.groovy:68)\n\tat com.kms.katalon.core.keyword.builtin.CallTestCaseKeyword.callTestCase(CallTestCaseKeyword.groovy:81)\n\tat com.kms.katalon.core.keyword.builtin.CallTestCaseKeyword.execute(CallTestCaseKeyword.groovy:44)\n\tat com.kms.katalon.core.keyword.internal.KeywordExecutor.executeKeywordForPlatform(KeywordExecutor.groovy:56)\n\tat com.kms.katalon.core.keyword.BuiltinKeywords.callTestCase(BuiltinKeywords.groovy:334)\n\tat IP-002 (Forgot Pin).run(IP-002 (Forgot Pin):38)\n\tat com.kms.katalon.core.main.ScriptEngine.run(ScriptEngine.java:194)\n\tat com.kms.katalon.core.main.ScriptEngine.runScriptAsRawText(ScriptEngine.java:119)\n\tat com.kms.katalon.core.main.TestCaseExecutor.runScript(TestCaseExecutor.java:337)\n\tat com.kms.katalon.core.main.TestCaseExecutor.doExecute(TestCaseExecutor.java:328)\n\tat com.kms.katalon.core.main.TestCaseExecutor.processExecutionPhase(TestCaseExecutor.java:307)\n\tat com.kms.katalon.core.main.TestCaseExecutor.accessMainPhase(TestCaseExecutor.java:299)\n\tat com.kms.katalon.core.main.TestCaseExecutor.execute(TestCaseExecutor.java:233)\n\tat com.kms.katalon.core.main.TestSuiteExecutor.accessTestCaseMainPhase(TestSuiteExecutor.java:169)\n\tat com.kms.katalon.core.main.TestSuiteExecutor.accessTestSuiteMainPhase(TestSuiteExecutor.java:142)\n\tat com.kms.katalon.core.main.TestSuiteExecutor.execute(TestSuiteExecutor.java:91)\n\tat com.kms.katalon.core.main.TestCaseMain.startTestSuite(TestCaseMain.java:157)\n\tat com.kms.katalon.core.main.TestCaseMain$startTestSuite$0.call(Unknown Source)\n\tat TempTestSuite1568087198936.run(TempTestSuite1568087198936.groovy:35)\nCaused by: com.kms.katalon.core.exception.StepFailedException: Unable to click on object &amp;apos;Object Repository/forgot email/New Message&amp;apos;\n\tat com.kms.katalon.core.webui.keyword.internal.WebUIKeywordMain.stepFailed(WebUIKeywordMain.groovy:64)\n\tat com.kms.katalon.core.webui.keyword.internal.WebUIKeywordMain.runKeyword(WebUIKeywordMain.groovy:26)\n\tat com.kms.katalon.core.webui.keyword.builtin.ClickKeyword.click(ClickKeyword.groovy:86)\n\tat com.kms.katalon.core.webui.keyword.builtin.ClickKeyword.execute(ClickKeyword.groovy:67)\n\tat com.kms.katalon.core.keyword.internal.KeywordExecutor.executeKeywordForPlatform(KeywordExecutor.groovy:56)\n\tat com.kms.katalon.core.webui.keyword.WebUiBuiltInKeywords.click(WebUiBuiltInKeywords.groovy:616)\n\tat com.kms.katalon.core.webui.keyword.WebUiBuiltInKeywords$click$3.call(Unknown Source)\n\tat IP-021 ( Forgot email ).run(IP-021 ( Forgot email ):30)\n\tat com.kms.katalon.core.main.ScriptEngine.run(ScriptEngine.java:194)\n\tat com.kms.katalon.core.main.ScriptEngine.runScriptAsRawText(ScriptEngine.java:119)\n\tat com.kms.katalon.core.main.TestCaseExecutor.runScript(TestCaseExecutor.java:337)\n\tat com.kms.katalon.core.main.TestCaseExecutor.doExecute(TestCaseExecutor.java:328)\n\tat com.kms.katalon.core.main.TestCaseExecutor.processExecutionPhase(TestCaseExecutor.java:307)\n\tat com.kms.katalon.core.main.TestCaseExecutor.accessMainPhase(TestCaseExecutor.java:299)\n\tat com.kms.katalon.core.main.TestCaseExecutor.execute(TestCaseExecutor.java:233)\n\tat com.kms.katalon.core.main.TestCaseMain.runTestCase(TestCaseMain.java:114)\n\tat com.kms.katalon.core.keyword.builtin.CallTestCaseKeyword$_callTestCase_closure1.doCall(CallTestCaseKeyword.groovy:59)\n\t... 20 more\nCaused by: com.kms.katalon.core.webui.exception.WebElementNotFoundException: Web element with id: &amp;apos;Object Repository/forgot email/New Message&amp;apos; located by &amp;apos;By.xpath: //tr[@id=&amp;apos;:23&amp;apos;]&amp;apos; not found\n\tat com.kms.katalon.core.webui.common.WebUiCommonHelper.findWebElement(WebUiCommonHelper.java:1097)\n\tat com.kms.katalon.core.webui.keyword.internal.WebUIAbstractKeyword.findWebElement(WebUIAbstractKeyword.groovy:27)\n\tat com.kms.katalon.core.webui.keyword.internal.WebUIAbstractKeyword.findWebElement(WebUIAbstractKeyword.groovy:26)\n\tat com.kms.katalon.core.webui.keyword.builtin.ClickKeyword$_click_closure1.doCall(ClickKeyword.groovy:77)\n\tat com.kms.katalon.core.webui.keyword.builtin.ClickKeyword$_click_closure1.call(ClickKeyword.groovy)\n\tat com.kms.katalon.core.webui.keyword.internal.WebUIKeywordMain.runKeyword(WebUIKeywordMain.groovy:20)\n\t... 35 more\n</message>
  <exception>
    <message>com.kms.katalon.core.exception.StepFailedException: Call Test Case 'Test Cases/IP-021 ( Forgot email )' failed</message>
    <frame>
      <class>com.kms.katalon.core.keyword.builtin.CallTestCaseKeyword$_callTestCase_closure1</class>
      <method>doCall</method>
      <line>63</line>
    </frame>
    <frame>
      <class>com.kms.katalon.core.keyword.builtin.CallTestCaseKeyword$_callTestCase_closure1</class>
      <method>call</method>
    </frame>
    <frame>
      <class>com.kms.katalon.core.keyword.internal.KeywordMain</class>
      <method>runKeyword</method>
      <line>68</line>
    </frame>
    <frame>
      <class>com.kms.katalon.core.keyword.builtin.CallTestCaseKeyword</class>
      <method>callTestCase</method>
      <line>81</line>
    </frame>
    <frame>
      <class>com.kms.katalon.core.keyword.builtin.CallTestCaseKeyword</class>
      <method>execute</method>
      <line>44</line>
    </frame>
    <frame>
      <class>com.kms.katalon.core.keyword.internal.KeywordExecutor</class>
      <method>executeKeywordForPlatform</method>
      <line>56</line>
    </frame>
    <frame>
      <class>com.kms.katalon.core.keyword.BuiltinKeywords</class>
      <method>callTestCase</method>
      <line>334</line>
    </frame>
    <frame>
      <class>IP-002 (Forgot Pin)</class>
      <method>run</method>
      <line>38</line>
    </frame>
    <frame>
      <class>com.kms.katalon.core.main.ScriptEngine</class>
      <method>run</method>
      <line>194</line>
    </frame>
    <frame>
      <class>com.kms.katalon.core.main.ScriptEngine</class>
      <method>runScriptAsRawText</method>
      <line>119</line>
    </frame>
    <frame>
      <class>com.kms.katalon.core.main.TestCaseExecutor</class>
      <method>runScript</method>
      <line>337</line>
    </frame>
    <frame>
      <class>com.kms.katalon.core.main.TestCaseExecutor</class>
      <method>doExecute</method>
      <line>328</line>
    </frame>
    <frame>
      <class>com.kms.katalon.core.main.TestCaseExecutor</class>
      <method>processExecutionPhase</method>
      <line>307</line>
    </frame>
    <frame>
      <class>com.kms.katalon.core.main.TestCaseExecutor</class>
      <method>accessMainPhase</method>
      <line>299</line>
    </frame>
    <frame>
      <class>com.kms.katalon.core.main.TestCaseExecutor</class>
      <method>execute</method>
      <line>233</line>
    </frame>
    <frame>
      <class>com.kms.katalon.core.main.TestSuiteExecutor</class>
      <method>accessTestCaseMainPhase</method>
      <line>169</line>
    </frame>
    <frame>
      <class>com.kms.katalon.core.main.TestSuiteExecutor</class>
      <method>accessTestSuiteMainPhase</method>
      <line>142</line>
    </frame>
    <frame>
      <class>com.kms.katalon.core.main.TestSuiteExecutor</class>
      <method>execute</method>
      <line>91</line>
    </frame>
    <frame>
      <class>com.kms.katalon.core.main.TestCaseMain</class>
      <method>startTestSuite</method>
      <line>157</line>
    </frame>
    <frame>
      <class>com.kms.katalon.core.main.TestCaseMain$startTestSuite$0</class>
      <method>call</method>
    </frame>
    <frame>
      <class>TempTestSuite1568087198936</class>
      <method>run</method>
      <line>35</line>
    </frame>
  </exception>
  <nestedLevel>0</nestedLevel>
  <property name="failed.exception.stacktrace">com.kms.katalon.core.webui.exception.WebElementNotFoundException: Web element with id: &apos;Object Repository/forgot email/New Message&apos; located by &apos;By.xpath: //tr[@id=&apos;:23&apos;]&apos; not found\n\tat com.kms.katalon.core.webui.common.WebUiCommonHelper.findWebElement(WebUiCommonHelper.java:1097)\n\tat com.kms.katalon.core.webui.keyword.internal.WebUIAbstractKeyword.findWebElement(WebUIAbstractKeyword.groovy:27)\n\tat com.kms.katalon.core.webui.keyword.internal.WebUIAbstractKeyword.findWebElement(WebUIAbstractKeyword.groovy:26)\n\tat com.kms.katalon.core.webui.keyword.builtin.ClickKeyword$_click_closure1.doCall(ClickKeyword.groovy:77)\n\tat com.kms.katalon.core.webui.keyword.builtin.ClickKeyword$_click_closure1.call(ClickKeyword.groovy)\n\tat com.kms.katalon.core.webui.keyword.internal.WebUIKeywordMain.runKeyword(WebUIKeywordMain.groovy:20)\n\tat com.kms.katalon.core.webui.keyword.builtin.ClickKeyword.click(ClickKeyword.groovy:86)\n\tat com.kms.katalon.core.webui.keyword.builtin.ClickKeyword.execute(ClickKeyword.groovy:67)\n\tat com.kms.katalon.core.keyword.internal.KeywordExecutor.executeKeywordForPlatform(KeywordExecutor.groovy:56)\n\tat com.kms.katalon.core.webui.keyword.WebUiBuiltInKeywords.click(WebUiBuiltInKeywords.groovy:616)\n\tat com.kms.katalon.core.webui.keyword.WebUiBuiltInKeywords$click$3.call(Unknown Source)\n\tat IP-021 ( Forgot email ).run(IP-021 ( Forgot email ):30)\n\tat com.kms.katalon.core.main.ScriptEngine.run(ScriptEngine.java:194)\n\tat com.kms.katalon.core.main.ScriptEngine.runScriptAsRawText(ScriptEngine.java:119)\n\tat com.kms.katalon.core.main.TestCaseExecutor.runScript(TestCaseExecutor.java:337)\n\tat com.kms.katalon.core.main.TestCaseExecutor.doExecute(TestCaseExecutor.java:328)\n\tat com.kms.katalon.core.main.TestCaseExecutor.processExecutionPhase(TestCaseExecutor.java:307)\n\tat com.kms.katalon.core.main.TestCaseExecutor.accessMainPhase(TestCaseExecutor.java:299)\n\tat com.kms.katalon.core.main.TestCaseExecutor.execute(TestCaseExecutor.java:233)\n\tat com.kms.katalon.core.main.TestCaseMain.runTestCase(TestCaseMain.java:114)\n\tat com.kms.katalon.core.keyword.builtin.CallTestCaseKeyword$_callTestCase_closure1.doCall(CallTestCaseKeyword.groovy:59)\n\tat com.kms.katalon.core.keyword.builtin.CallTestCaseKeyword$_callTestCase_closure1.call(CallTestCaseKeyword.groovy)\n\tat com.kms.katalon.core.keyword.internal.KeywordMain.runKeyword(KeywordMain.groovy:68)\n\tat com.kms.katalon.core.keyword.builtin.CallTestCaseKeyword.callTestCase(CallTestCaseKeyword.groovy:81)\n\tat com.kms.katalon.core.keyword.builtin.CallTestCaseKeyword.execute(CallTestCaseKeyword.groovy:44)\n\tat com.kms.katalon.core.keyword.internal.KeywordExecutor.executeKeywordForPlatform(KeywordExecutor.groovy:56)\n\tat com.kms.katalon.core.keyword.BuiltinKeywords.callTestCase(BuiltinKeywords.groovy:334)\n\tat IP-002 (Forgot Pin).run(IP-002 (Forgot Pin):38)\n\tat com.kms.katalon.core.main.ScriptEngine.run(ScriptEngine.java:194)\n\tat com.kms.katalon.core.main.ScriptEngine.runScriptAsRawText(ScriptEngine.java:119)\n\tat com.kms.katalon.core.main.TestCaseExecutor.runScript(TestCaseExecutor.java:337)\n\tat com.kms.katalon.core.main.TestCaseExecutor.doExecute(TestCaseExecutor.java:328)\n\tat com.kms.katalon.core.main.TestCaseExecutor.processExecutionPhase(TestCaseExecutor.java:307)\n\tat com.kms.katalon.core.main.TestCaseExecutor.accessMainPhase(TestCaseExecutor.java:299)\n\tat com.kms.katalon.core.main.TestCaseExecutor.execute(TestCaseExecutor.java:233)\n\tat com.kms.katalon.core.main.TestSuiteExecutor.accessTestCaseMainPhase(TestSuiteExecutor.java:169)\n\tat com.kms.katalon.core.main.TestSuiteExecutor.accessTestSuiteMainPhase(TestSuiteExecutor.java:142)\n\tat com.kms.katalon.core.main.TestSuiteExecutor.execute(TestSuiteExecutor.java:91)\n\tat com.kms.katalon.core.main.TestCaseMain.startTestSuite(TestCaseMain.java:157)\n\tat com.kms.katalon.core.main.TestCaseMain$startTestSuite$0.call(Unknown Source)\n\tat TempTestSuite1568087198936.run(TempTestSuite1568087198936.groovy:35)\n</property>
  <property name="failed.exception.class">com.kms.katalon.core.webui.exception.WebElementNotFoundException</property>
  <property name="failed.exception.message">Web element with id: &apos;Object Repository/forgot email/New Message&apos; located by &apos;By.xpath: //tr[@id=&apos;:23&apos;]&apos; not found</property>
</record>
<record>
  <date>2019-09-10T10:47:56</date>
  <millis>1568087276809</millis>
  <sequence>169</sequence>
  <level>END</level>
  <class>com.kms.katalon.core.logging.XmlKeywordLogger</class>
  <method>endTest</method>
  <thread>1</thread>
  <message>End Test Case : Test Cases/IP-002 (Forgot Pin)</message>
  <nestedLevel>0</nestedLevel>
</record>
<record>
  <date>2019-09-10T10:47:56</date>
  <millis>1568087276815</millis>
  <sequence>170</sequence>
  <level>START</level>
  <class>com.kms.katalon.core.logging.XmlKeywordLogger</class>
  <method>startKeyword</method>
  <thread>1</thread>
  <message>Start listener action : exportKatalonReports</message>
  <nestedLevel>0</nestedLevel>
</record>
<record>
  <date>2019-09-10T10:47:57</date>
  <millis>1568087277252</millis>
  <sequence>346</sequence>
  <level>INFO</level>
  <class>com.kms.katalon.core.logging.XmlKeywordLogger</class>
  <method>logMessage</method>
  <thread>1</thread>
  <message>Start generating HTML report folder at: /Users/refqi/git/ipropio/Reports/20190910_104638/IP-002 ( Forgot pin ) and ( Forgot Email )/20190910_104638...</message>
  <nestedLevel>0</nestedLevel>
</record>
<record>
  <date>2019-09-10T10:47:57</date>
  <millis>1568087277638</millis>
  <sequence>347</sequence>
  <level>INFO</level>
  <class>com.kms.katalon.core.logging.XmlKeywordLogger</class>
  <method>logMessage</method>
  <thread>1</thread>
  <message>HTML report generated</message>
  <nestedLevel>0</nestedLevel>
</record>
<record>
  <date>2019-09-10T10:47:57</date>
  <millis>1568087277639</millis>
  <sequence>348</sequence>
  <level>INFO</level>
  <class>com.kms.katalon.core.logging.XmlKeywordLogger</class>
  <method>logMessage</method>
  <thread>1</thread>
  <message>Start generating CSV report folder at: /Users/refqi/git/ipropio/Reports/20190910_104638/IP-002 ( Forgot pin ) and ( Forgot Email )/20190910_104638...</message>
  <nestedLevel>0</nestedLevel>
</record>
<record>
  <date>2019-09-10T10:47:57</date>
  <millis>1568087277658</millis>
  <sequence>349</sequence>
  <level>INFO</level>
  <class>com.kms.katalon.core.logging.XmlKeywordLogger</class>
  <method>logMessage</method>
  <thread>1</thread>
  <message>CSV report generated</message>
  <nestedLevel>0</nestedLevel>
</record>
<record>
  <date>2019-09-10T10:47:57</date>
  <millis>1568087277665</millis>
  <sequence>350</sequence>
  <level>INFO</level>
  <class>com.kms.katalon.core.logging.XmlKeywordLogger</class>
  <method>logMessage</method>
  <thread>1</thread>
  <message>Start generating JUnit report folder at: /Users/refqi/git/ipropio/Reports/20190910_104638/IP-002 ( Forgot pin ) and ( Forgot Email )/20190910_104638...</message>
  <nestedLevel>0</nestedLevel>
</record>
<record>
  <date>2019-09-10T10:47:57</date>
  <millis>1568087277844</millis>
  <sequence>351</sequence>
  <level>INFO</level>
  <class>com.kms.katalon.core.logging.XmlKeywordLogger</class>
  <method>logMessage</method>
  <thread>1</thread>
  <message>JUnit report generated</message>
  <nestedLevel>0</nestedLevel>
</record>
<record>
  <date>2019-09-10T10:47:57</date>
  <millis>1568087277848</millis>
  <sequence>352</sequence>
  <level>INFO</level>
  <class>com.kms.katalon.core.logging.XmlKeywordLogger</class>
  <method>logMessage</method>
  <thread>1</thread>
  <message>Start generating PDF report folder at: /Users/refqi/git/ipropio/Reports/20190910_104638/IP-002 ( Forgot pin ) and ( Forgot Email )/20190910_104638...</message>
  <nestedLevel>0</nestedLevel>
</record>
<record>
  <date>2019-09-10T10:48:06</date>
  <millis>1568087286618</millis>
  <sequence>353</sequence>
  <level>INFO</level>
  <class>com.kms.katalon.core.logging.XmlKeywordLogger</class>
  <method>logMessage</method>
  <thread>1</thread>
  <message>PDF report generated</message>
  <nestedLevel>0</nestedLevel>
</record>
<record>
  <date>2019-09-10T10:48:06</date>
  <millis>1568087286619</millis>
  <sequence>355</sequence>
  <level>END</level>
  <class>com.kms.katalon.core.logging.XmlKeywordLogger</class>
  <method>endKeyword</method>
  <thread>1</thread>
  <message>End listener action : exportKatalonReports</message>
  <nestedLevel>0</nestedLevel>
</record>
<record>
  <date>2019-09-10T10:48:06</date>
  <millis>1568087286814</millis>
  <sequence>356</sequence>
  <level>END</level>
  <class>com.kms.katalon.core.logging.XmlKeywordLogger</class>
  <method>endSuite</method>
  <thread>1</thread>
  <message>End Test Suite : Test Suites/IP-002 ( Forgot pin ) and ( Forgot Email )</message>
  <nestedLevel>0</nestedLevel>
</record>
</log>